

Started GET "/" for 127.0.0.1 at 2013-12-09 21:27:40 -0500

ActiveRecord::PendingMigrationError (Migrations are pending; run 'rake db:migrate RAILS_ENV=development' to resolve this issue.):
  activerecord (4.0.0) lib/active_record/migration.rb:379:in `check_pending!'
  activerecord (4.0.0) lib/active_record/migration.rb:366:in `call'
  actionpack (4.0.0) lib/action_dispatch/middleware/callbacks.rb:29:in `block in call'
  activesupport (4.0.0) lib/active_support/callbacks.rb:373:in `_run__2747855915777458607__call__callbacks'
  activesupport (4.0.0) lib/active_support/callbacks.rb:80:in `run_callbacks'
  actionpack (4.0.0) lib/action_dispatch/middleware/callbacks.rb:27:in `call'
  actionpack (4.0.0) lib/action_dispatch/middleware/reloader.rb:64:in `call'
  actionpack (4.0.0) lib/action_dispatch/middleware/remote_ip.rb:76:in `call'
  actionpack (4.0.0) lib/action_dispatch/middleware/debug_exceptions.rb:17:in `call'
  actionpack (4.0.0) lib/action_dispatch/middleware/show_exceptions.rb:30:in `call'
  railties (4.0.0) lib/rails/rack/logger.rb:38:in `call_app'
  railties (4.0.0) lib/rails/rack/logger.rb:21:in `block in call'
  activesupport (4.0.0) lib/active_support/tagged_logging.rb:67:in `block in tagged'
  activesupport (4.0.0) lib/active_support/tagged_logging.rb:25:in `tagged'
  activesupport (4.0.0) lib/active_support/tagged_logging.rb:67:in `tagged'
  railties (4.0.0) lib/rails/rack/logger.rb:21:in `call'
  actionpack (4.0.0) lib/action_dispatch/middleware/request_id.rb:21:in `call'
  rack (1.5.2) lib/rack/methodoverride.rb:21:in `call'
  rack (1.5.2) lib/rack/runtime.rb:17:in `call'
  activesupport (4.0.0) lib/active_support/cache/strategy/local_cache.rb:83:in `call'
  rack (1.5.2) lib/rack/lock.rb:17:in `call'
  actionpack (4.0.0) lib/action_dispatch/middleware/static.rb:64:in `call'
  railties (4.0.0) lib/rails/engine.rb:511:in `call'
  railties (4.0.0) lib/rails/application.rb:97:in `call'
  rack (1.5.2) lib/rack/lock.rb:17:in `call'
  rack (1.5.2) lib/rack/content_length.rb:14:in `call'
  rack (1.5.2) lib/rack/handler/webrick.rb:60:in `service'
  /Users/alghareebm/.rvm/rubies/ruby-2.0.0-p247/lib/ruby/2.0.0/webrick/httpserver.rb:138:in `service'
  /Users/alghareebm/.rvm/rubies/ruby-2.0.0-p247/lib/ruby/2.0.0/webrick/httpserver.rb:94:in `run'
  /Users/alghareebm/.rvm/rubies/ruby-2.0.0-p247/lib/ruby/2.0.0/webrick/server.rb:295:in `block in start_thread'


  Rendered /Users/alghareebm/.rvm/gems/ruby-2.0.0-p247/gems/actionpack-4.0.0/lib/action_dispatch/middleware/templates/rescues/_source.erb (0.9ms)
  Rendered /Users/alghareebm/.rvm/gems/ruby-2.0.0-p247/gems/actionpack-4.0.0/lib/action_dispatch/middleware/templates/rescues/_trace.erb (1.1ms)
  Rendered /Users/alghareebm/.rvm/gems/ruby-2.0.0-p247/gems/actionpack-4.0.0/lib/action_dispatch/middleware/templates/rescues/_request_and_response.erb (1.0ms)
  Rendered /Users/alghareebm/.rvm/gems/ruby-2.0.0-p247/gems/actionpack-4.0.0/lib/action_dispatch/middleware/templates/rescues/diagnostics.erb within rescues/layout (38.7ms)
  [1m[36m (1.7ms)[0m  [1mCREATE TABLE "schema_migrations" ("version" varchar(255) NOT NULL) [0m
  [1m[35m (1.2ms)[0m  CREATE UNIQUE INDEX "unique_schema_migrations" ON "schema_migrations" ("version")
  [1m[36mActiveRecord::SchemaMigration Load (0.2ms)[0m  [1mSELECT "schema_migrations".* FROM "schema_migrations"[0m
Migrating to CreateStudentScors (20131210022627)
  [1m[35m (0.1ms)[0m  begin transaction
  [1m[36m (0.5ms)[0m  [1mCREATE TABLE "student_scors" ("id" INTEGER PRIMARY KEY AUTOINCREMENT NOT NULL, "StudentName" varchar(255), "Score" decimal, "created_at" datetime, "updated_at" datetime) [0m
  [1m[35mSQL (0.2ms)[0m  INSERT INTO "schema_migrations" ("version") VALUES (?)  [["version", "20131210022627"]]
  [1m[36m (1.1ms)[0m  [1mcommit transaction[0m
  [1m[35mActiveRecord::SchemaMigration Load (0.1ms)[0m  SELECT "schema_migrations".* FROM "schema_migrations"


Started GET "/" for 127.0.0.1 at 2013-12-09 21:28:08 -0500
  [1m[36mActiveRecord::SchemaMigration Load (0.1ms)[0m  [1mSELECT "schema_migrations".* FROM "schema_migrations"[0m
Processing by Rails::WelcomeController#index as HTML
  Rendered /Users/alghareebm/.rvm/gems/ruby-2.0.0-p247/gems/railties-4.0.0/lib/rails/templates/rails/welcome/index.html.erb (0.8ms)
Completed 200 OK in 34ms (Views: 3.2ms | ActiveRecord: 0.0ms)


Started GET "/" for 127.0.0.1 at 2013-12-09 21:28:12 -0500
Processing by Rails::WelcomeController#index as HTML
  Rendered /Users/alghareebm/.rvm/gems/ruby-2.0.0-p247/gems/railties-4.0.0/lib/rails/templates/rails/welcome/index.html.erb (0.1ms)
Completed 200 OK in 2ms (Views: 1.6ms | ActiveRecord: 0.0ms)


Started GET "/home" for 127.0.0.1 at 2013-12-09 21:28:13 -0500

ActionController::RoutingError (No route matches [GET] "/home"):
  actionpack (4.0.0) lib/action_dispatch/middleware/debug_exceptions.rb:21:in `call'
  actionpack (4.0.0) lib/action_dispatch/middleware/show_exceptions.rb:30:in `call'
  railties (4.0.0) lib/rails/rack/logger.rb:38:in `call_app'
  railties (4.0.0) lib/rails/rack/logger.rb:21:in `block in call'
  activesupport (4.0.0) lib/active_support/tagged_logging.rb:67:in `block in tagged'
  activesupport (4.0.0) lib/active_support/tagged_logging.rb:25:in `tagged'
  activesupport (4.0.0) lib/active_support/tagged_logging.rb:67:in `tagged'
  railties (4.0.0) lib/rails/rack/logger.rb:21:in `call'
  actionpack (4.0.0) lib/action_dispatch/middleware/request_id.rb:21:in `call'
  rack (1.5.2) lib/rack/methodoverride.rb:21:in `call'
  rack (1.5.2) lib/rack/runtime.rb:17:in `call'
  activesupport (4.0.0) lib/active_support/cache/strategy/local_cache.rb:83:in `call'
  rack (1.5.2) lib/rack/lock.rb:17:in `call'
  actionpack (4.0.0) lib/action_dispatch/middleware/static.rb:64:in `call'
  railties (4.0.0) lib/rails/engine.rb:511:in `call'
  railties (4.0.0) lib/rails/application.rb:97:in `call'
  rack (1.5.2) lib/rack/lock.rb:17:in `call'
  rack (1.5.2) lib/rack/content_length.rb:14:in `call'
  rack (1.5.2) lib/rack/handler/webrick.rb:60:in `service'
  /Users/alghareebm/.rvm/rubies/ruby-2.0.0-p247/lib/ruby/2.0.0/webrick/httpserver.rb:138:in `service'
  /Users/alghareebm/.rvm/rubies/ruby-2.0.0-p247/lib/ruby/2.0.0/webrick/httpserver.rb:94:in `run'
  /Users/alghareebm/.rvm/rubies/ruby-2.0.0-p247/lib/ruby/2.0.0/webrick/server.rb:295:in `block in start_thread'


  Rendered /Users/alghareebm/.rvm/gems/ruby-2.0.0-p247/gems/actionpack-4.0.0/lib/action_dispatch/middleware/templates/rescues/_trace.erb (1.0ms)
  Rendered /Users/alghareebm/.rvm/gems/ruby-2.0.0-p247/gems/actionpack-4.0.0/lib/action_dispatch/middleware/templates/routes/_route.html.erb (2.8ms)
  Rendered /Users/alghareebm/.rvm/gems/ruby-2.0.0-p247/gems/actionpack-4.0.0/lib/action_dispatch/middleware/templates/routes/_table.html.erb (29.5ms)
  Rendered /Users/alghareebm/.rvm/gems/ruby-2.0.0-p247/gems/actionpack-4.0.0/lib/action_dispatch/middleware/templates/rescues/routing_error.erb within rescues/layout (83.1ms)


Started GET "/home" for 127.0.0.1 at 2013-12-09 21:28:13 -0500

ActionController::RoutingError (No route matches [GET] "/home"):
  actionpack (4.0.0) lib/action_dispatch/middleware/debug_exceptions.rb:21:in `call'
  actionpack (4.0.0) lib/action_dispatch/middleware/show_exceptions.rb:30:in `call'
  railties (4.0.0) lib/rails/rack/logger.rb:38:in `call_app'
  railties (4.0.0) lib/rails/rack/logger.rb:21:in `block in call'
  activesupport (4.0.0) lib/active_support/tagged_logging.rb:67:in `block in tagged'
  activesupport (4.0.0) lib/active_support/tagged_logging.rb:25:in `tagged'
  activesupport (4.0.0) lib/active_support/tagged_logging.rb:67:in `tagged'
  railties (4.0.0) lib/rails/rack/logger.rb:21:in `call'
  actionpack (4.0.0) lib/action_dispatch/middleware/request_id.rb:21:in `call'
  rack (1.5.2) lib/rack/methodoverride.rb:21:in `call'
  rack (1.5.2) lib/rack/runtime.rb:17:in `call'
  activesupport (4.0.0) lib/active_support/cache/strategy/local_cache.rb:83:in `call'
  rack (1.5.2) lib/rack/lock.rb:17:in `call'
  actionpack (4.0.0) lib/action_dispatch/middleware/static.rb:64:in `call'
  railties (4.0.0) lib/rails/engine.rb:511:in `call'
  railties (4.0.0) lib/rails/application.rb:97:in `call'
  rack (1.5.2) lib/rack/lock.rb:17:in `call'
  rack (1.5.2) lib/rack/content_length.rb:14:in `call'
  rack (1.5.2) lib/rack/handler/webrick.rb:60:in `service'
  /Users/alghareebm/.rvm/rubies/ruby-2.0.0-p247/lib/ruby/2.0.0/webrick/httpserver.rb:138:in `service'
  /Users/alghareebm/.rvm/rubies/ruby-2.0.0-p247/lib/ruby/2.0.0/webrick/httpserver.rb:94:in `run'
  /Users/alghareebm/.rvm/rubies/ruby-2.0.0-p247/lib/ruby/2.0.0/webrick/server.rb:295:in `block in start_thread'


  Rendered /Users/alghareebm/.rvm/gems/ruby-2.0.0-p247/gems/actionpack-4.0.0/lib/action_dispatch/middleware/templates/rescues/_trace.erb (0.9ms)
  Rendered /Users/alghareebm/.rvm/gems/ruby-2.0.0-p247/gems/actionpack-4.0.0/lib/action_dispatch/middleware/templates/routes/_route.html.erb (1.1ms)
  Rendered /Users/alghareebm/.rvm/gems/ruby-2.0.0-p247/gems/actionpack-4.0.0/lib/action_dispatch/middleware/templates/routes/_table.html.erb (1.0ms)
  Rendered /Users/alghareebm/.rvm/gems/ruby-2.0.0-p247/gems/actionpack-4.0.0/lib/action_dispatch/middleware/templates/rescues/routing_error.erb within rescues/layout (17.2ms)


Started GET "/" for 127.0.0.1 at 2013-12-09 21:28:14 -0500
Processing by Rails::WelcomeController#index as HTML
  Rendered /Users/alghareebm/.rvm/gems/ruby-2.0.0-p247/gems/railties-4.0.0/lib/rails/templates/rails/welcome/index.html.erb (0.1ms)
Completed 200 OK in 3ms (Views: 2.2ms | ActiveRecord: 0.0ms)


Started GET "/" for 127.0.0.1 at 2013-12-09 21:28:14 -0500
Processing by Rails::WelcomeController#index as HTML
  Rendered /Users/alghareebm/.rvm/gems/ruby-2.0.0-p247/gems/railties-4.0.0/lib/rails/templates/rails/welcome/index.html.erb (0.1ms)
Completed 200 OK in 2ms (Views: 1.4ms | ActiveRecord: 0.0ms)


Started GET "/site/tour" for 127.0.0.1 at 2013-12-09 21:28:32 -0500

ActionController::RoutingError (No route matches [GET] "/site/tour"):
  actionpack (4.0.0) lib/action_dispatch/middleware/debug_exceptions.rb:21:in `call'
  actionpack (4.0.0) lib/action_dispatch/middleware/show_exceptions.rb:30:in `call'
  railties (4.0.0) lib/rails/rack/logger.rb:38:in `call_app'
  railties (4.0.0) lib/rails/rack/logger.rb:21:in `block in call'
  activesupport (4.0.0) lib/active_support/tagged_logging.rb:67:in `block in tagged'
  activesupport (4.0.0) lib/active_support/tagged_logging.rb:25:in `tagged'
  activesupport (4.0.0) lib/active_support/tagged_logging.rb:67:in `tagged'
  railties (4.0.0) lib/rails/rack/logger.rb:21:in `call'
  actionpack (4.0.0) lib/action_dispatch/middleware/request_id.rb:21:in `call'
  rack (1.5.2) lib/rack/methodoverride.rb:21:in `call'
  rack (1.5.2) lib/rack/runtime.rb:17:in `call'
  activesupport (4.0.0) lib/active_support/cache/strategy/local_cache.rb:83:in `call'
  rack (1.5.2) lib/rack/lock.rb:17:in `call'
  actionpack (4.0.0) lib/action_dispatch/middleware/static.rb:64:in `call'
  railties (4.0.0) lib/rails/engine.rb:511:in `call'
  railties (4.0.0) lib/rails/application.rb:97:in `call'
  rack (1.5.2) lib/rack/lock.rb:17:in `call'
  rack (1.5.2) lib/rack/content_length.rb:14:in `call'
  rack (1.5.2) lib/rack/handler/webrick.rb:60:in `service'
  /Users/alghareebm/.rvm/rubies/ruby-2.0.0-p247/lib/ruby/2.0.0/webrick/httpserver.rb:138:in `service'
  /Users/alghareebm/.rvm/rubies/ruby-2.0.0-p247/lib/ruby/2.0.0/webrick/httpserver.rb:94:in `run'
  /Users/alghareebm/.rvm/rubies/ruby-2.0.0-p247/lib/ruby/2.0.0/webrick/server.rb:295:in `block in start_thread'


  Rendered /Users/alghareebm/.rvm/gems/ruby-2.0.0-p247/gems/actionpack-4.0.0/lib/action_dispatch/middleware/templates/rescues/_trace.erb (1.0ms)
  Rendered /Users/alghareebm/.rvm/gems/ruby-2.0.0-p247/gems/actionpack-4.0.0/lib/action_dispatch/middleware/templates/routes/_route.html.erb (1.2ms)
  Rendered /Users/alghareebm/.rvm/gems/ruby-2.0.0-p247/gems/actionpack-4.0.0/lib/action_dispatch/middleware/templates/routes/_table.html.erb (1.0ms)
  Rendered /Users/alghareebm/.rvm/gems/ruby-2.0.0-p247/gems/actionpack-4.0.0/lib/action_dispatch/middleware/templates/rescues/routing_error.erb within rescues/layout (17.5ms)


Started GET "/store/index" for 127.0.0.1 at 2013-12-09 21:28:32 -0500

ActionController::RoutingError (No route matches [GET] "/store/index"):
  actionpack (4.0.0) lib/action_dispatch/middleware/debug_exceptions.rb:21:in `call'
  actionpack (4.0.0) lib/action_dispatch/middleware/show_exceptions.rb:30:in `call'
  railties (4.0.0) lib/rails/rack/logger.rb:38:in `call_app'
  railties (4.0.0) lib/rails/rack/logger.rb:21:in `block in call'
  activesupport (4.0.0) lib/active_support/tagged_logging.rb:67:in `block in tagged'
  activesupport (4.0.0) lib/active_support/tagged_logging.rb:25:in `tagged'
  activesupport (4.0.0) lib/active_support/tagged_logging.rb:67:in `tagged'
  railties (4.0.0) lib/rails/rack/logger.rb:21:in `call'
  actionpack (4.0.0) lib/action_dispatch/middleware/request_id.rb:21:in `call'
  rack (1.5.2) lib/rack/methodoverride.rb:21:in `call'
  rack (1.5.2) lib/rack/runtime.rb:17:in `call'
  activesupport (4.0.0) lib/active_support/cache/strategy/local_cache.rb:83:in `call'
  rack (1.5.2) lib/rack/lock.rb:17:in `call'
  actionpack (4.0.0) lib/action_dispatch/middleware/static.rb:64:in `call'
  railties (4.0.0) lib/rails/engine.rb:511:in `call'
  railties (4.0.0) lib/rails/application.rb:97:in `call'
  rack (1.5.2) lib/rack/lock.rb:17:in `call'
  rack (1.5.2) lib/rack/content_length.rb:14:in `call'
  rack (1.5.2) lib/rack/handler/webrick.rb:60:in `service'
  /Users/alghareebm/.rvm/rubies/ruby-2.0.0-p247/lib/ruby/2.0.0/webrick/httpserver.rb:138:in `service'
  /Users/alghareebm/.rvm/rubies/ruby-2.0.0-p247/lib/ruby/2.0.0/webrick/httpserver.rb:94:in `run'
  /Users/alghareebm/.rvm/rubies/ruby-2.0.0-p247/lib/ruby/2.0.0/webrick/server.rb:295:in `block in start_thread'


  Rendered /Users/alghareebm/.rvm/gems/ruby-2.0.0-p247/gems/actionpack-4.0.0/lib/action_dispatch/middleware/templates/rescues/_trace.erb (1.1ms)
  Rendered /Users/alghareebm/.rvm/gems/ruby-2.0.0-p247/gems/actionpack-4.0.0/lib/action_dispatch/middleware/templates/routes/_route.html.erb (1.3ms)
  Rendered /Users/alghareebm/.rvm/gems/ruby-2.0.0-p247/gems/actionpack-4.0.0/lib/action_dispatch/middleware/templates/routes/_table.html.erb (1.2ms)
  Rendered /Users/alghareebm/.rvm/gems/ruby-2.0.0-p247/gems/actionpack-4.0.0/lib/action_dispatch/middleware/templates/rescues/routing_error.erb within rescues/layout (18.2ms)


Started GET "/studentscors/index" for 127.0.0.1 at 2013-12-09 21:28:38 -0500

ActionController::RoutingError (No route matches [GET] "/studentscors/index"):
  actionpack (4.0.0) lib/action_dispatch/middleware/debug_exceptions.rb:21:in `call'
  actionpack (4.0.0) lib/action_dispatch/middleware/show_exceptions.rb:30:in `call'
  railties (4.0.0) lib/rails/rack/logger.rb:38:in `call_app'
  railties (4.0.0) lib/rails/rack/logger.rb:21:in `block in call'
  activesupport (4.0.0) lib/active_support/tagged_logging.rb:67:in `block in tagged'
  activesupport (4.0.0) lib/active_support/tagged_logging.rb:25:in `tagged'
  activesupport (4.0.0) lib/active_support/tagged_logging.rb:67:in `tagged'
  railties (4.0.0) lib/rails/rack/logger.rb:21:in `call'
  actionpack (4.0.0) lib/action_dispatch/middleware/request_id.rb:21:in `call'
  rack (1.5.2) lib/rack/methodoverride.rb:21:in `call'
  rack (1.5.2) lib/rack/runtime.rb:17:in `call'
  activesupport (4.0.0) lib/active_support/cache/strategy/local_cache.rb:83:in `call'
  rack (1.5.2) lib/rack/lock.rb:17:in `call'
  actionpack (4.0.0) lib/action_dispatch/middleware/static.rb:64:in `call'
  railties (4.0.0) lib/rails/engine.rb:511:in `call'
  railties (4.0.0) lib/rails/application.rb:97:in `call'
  rack (1.5.2) lib/rack/lock.rb:17:in `call'
  rack (1.5.2) lib/rack/content_length.rb:14:in `call'
  rack (1.5.2) lib/rack/handler/webrick.rb:60:in `service'
  /Users/alghareebm/.rvm/rubies/ruby-2.0.0-p247/lib/ruby/2.0.0/webrick/httpserver.rb:138:in `service'
  /Users/alghareebm/.rvm/rubies/ruby-2.0.0-p247/lib/ruby/2.0.0/webrick/httpserver.rb:94:in `run'
  /Users/alghareebm/.rvm/rubies/ruby-2.0.0-p247/lib/ruby/2.0.0/webrick/server.rb:295:in `block in start_thread'


  Rendered /Users/alghareebm/.rvm/gems/ruby-2.0.0-p247/gems/actionpack-4.0.0/lib/action_dispatch/middleware/templates/rescues/_trace.erb (1.3ms)
  Rendered /Users/alghareebm/.rvm/gems/ruby-2.0.0-p247/gems/actionpack-4.0.0/lib/action_dispatch/middleware/templates/routes/_route.html.erb (1.3ms)
  Rendered /Users/alghareebm/.rvm/gems/ruby-2.0.0-p247/gems/actionpack-4.0.0/lib/action_dispatch/middleware/templates/routes/_table.html.erb (1.1ms)
  Rendered /Users/alghareebm/.rvm/gems/ruby-2.0.0-p247/gems/actionpack-4.0.0/lib/action_dispatch/middleware/templates/rescues/routing_error.erb within rescues/layout (46.7ms)


Started GET "/studentscor/index" for 127.0.0.1 at 2013-12-09 21:28:42 -0500

ActionController::RoutingError (No route matches [GET] "/studentscor/index"):
  actionpack (4.0.0) lib/action_dispatch/middleware/debug_exceptions.rb:21:in `call'
  actionpack (4.0.0) lib/action_dispatch/middleware/show_exceptions.rb:30:in `call'
  railties (4.0.0) lib/rails/rack/logger.rb:38:in `call_app'
  railties (4.0.0) lib/rails/rack/logger.rb:21:in `block in call'
  activesupport (4.0.0) lib/active_support/tagged_logging.rb:67:in `block in tagged'
  activesupport (4.0.0) lib/active_support/tagged_logging.rb:25:in `tagged'
  activesupport (4.0.0) lib/active_support/tagged_logging.rb:67:in `tagged'
  railties (4.0.0) lib/rails/rack/logger.rb:21:in `call'
  actionpack (4.0.0) lib/action_dispatch/middleware/request_id.rb:21:in `call'
  rack (1.5.2) lib/rack/methodoverride.rb:21:in `call'
  rack (1.5.2) lib/rack/runtime.rb:17:in `call'
  activesupport (4.0.0) lib/active_support/cache/strategy/local_cache.rb:83:in `call'
  rack (1.5.2) lib/rack/lock.rb:17:in `call'
  actionpack (4.0.0) lib/action_dispatch/middleware/static.rb:64:in `call'
  railties (4.0.0) lib/rails/engine.rb:511:in `call'
  railties (4.0.0) lib/rails/application.rb:97:in `call'
  rack (1.5.2) lib/rack/lock.rb:17:in `call'
  rack (1.5.2) lib/rack/content_length.rb:14:in `call'
  rack (1.5.2) lib/rack/handler/webrick.rb:60:in `service'
  /Users/alghareebm/.rvm/rubies/ruby-2.0.0-p247/lib/ruby/2.0.0/webrick/httpserver.rb:138:in `service'
  /Users/alghareebm/.rvm/rubies/ruby-2.0.0-p247/lib/ruby/2.0.0/webrick/httpserver.rb:94:in `run'
  /Users/alghareebm/.rvm/rubies/ruby-2.0.0-p247/lib/ruby/2.0.0/webrick/server.rb:295:in `block in start_thread'


  Rendered /Users/alghareebm/.rvm/gems/ruby-2.0.0-p247/gems/actionpack-4.0.0/lib/action_dispatch/middleware/templates/rescues/_trace.erb (1.2ms)
  Rendered /Users/alghareebm/.rvm/gems/ruby-2.0.0-p247/gems/actionpack-4.0.0/lib/action_dispatch/middleware/templates/routes/_route.html.erb (1.2ms)
  Rendered /Users/alghareebm/.rvm/gems/ruby-2.0.0-p247/gems/actionpack-4.0.0/lib/action_dispatch/middleware/templates/routes/_table.html.erb (1.0ms)
  Rendered /Users/alghareebm/.rvm/gems/ruby-2.0.0-p247/gems/actionpack-4.0.0/lib/action_dispatch/middleware/templates/rescues/routing_error.erb within rescues/layout (18.0ms)


Started GET "/index" for 127.0.0.1 at 2013-12-09 21:28:47 -0500

ActionController::RoutingError (No route matches [GET] "/index"):
  actionpack (4.0.0) lib/action_dispatch/middleware/debug_exceptions.rb:21:in `call'
  actionpack (4.0.0) lib/action_dispatch/middleware/show_exceptions.rb:30:in `call'
  railties (4.0.0) lib/rails/rack/logger.rb:38:in `call_app'
  railties (4.0.0) lib/rails/rack/logger.rb:21:in `block in call'
  activesupport (4.0.0) lib/active_support/tagged_logging.rb:67:in `block in tagged'
  activesupport (4.0.0) lib/active_support/tagged_logging.rb:25:in `tagged'
  activesupport (4.0.0) lib/active_support/tagged_logging.rb:67:in `tagged'
  railties (4.0.0) lib/rails/rack/logger.rb:21:in `call'
  actionpack (4.0.0) lib/action_dispatch/middleware/request_id.rb:21:in `call'
  rack (1.5.2) lib/rack/methodoverride.rb:21:in `call'
  rack (1.5.2) lib/rack/runtime.rb:17:in `call'
  activesupport (4.0.0) lib/active_support/cache/strategy/local_cache.rb:83:in `call'
  rack (1.5.2) lib/rack/lock.rb:17:in `call'
  actionpack (4.0.0) lib/action_dispatch/middleware/static.rb:64:in `call'
  railties (4.0.0) lib/rails/engine.rb:511:in `call'
  railties (4.0.0) lib/rails/application.rb:97:in `call'
  rack (1.5.2) lib/rack/lock.rb:17:in `call'
  rack (1.5.2) lib/rack/content_length.rb:14:in `call'
  rack (1.5.2) lib/rack/handler/webrick.rb:60:in `service'
  /Users/alghareebm/.rvm/rubies/ruby-2.0.0-p247/lib/ruby/2.0.0/webrick/httpserver.rb:138:in `service'
  /Users/alghareebm/.rvm/rubies/ruby-2.0.0-p247/lib/ruby/2.0.0/webrick/httpserver.rb:94:in `run'
  /Users/alghareebm/.rvm/rubies/ruby-2.0.0-p247/lib/ruby/2.0.0/webrick/server.rb:295:in `block in start_thread'


  Rendered /Users/alghareebm/.rvm/gems/ruby-2.0.0-p247/gems/actionpack-4.0.0/lib/action_dispatch/middleware/templates/rescues/_trace.erb (0.9ms)
  Rendered /Users/alghareebm/.rvm/gems/ruby-2.0.0-p247/gems/actionpack-4.0.0/lib/action_dispatch/middleware/templates/routes/_route.html.erb (1.2ms)
  Rendered /Users/alghareebm/.rvm/gems/ruby-2.0.0-p247/gems/actionpack-4.0.0/lib/action_dispatch/middleware/templates/routes/_table.html.erb (1.0ms)
  Rendered /Users/alghareebm/.rvm/gems/ruby-2.0.0-p247/gems/actionpack-4.0.0/lib/action_dispatch/middleware/templates/rescues/routing_error.erb within rescues/layout (17.3ms)


Started GET "/index" for 127.0.0.1 at 2013-12-09 21:28:48 -0500

ActionController::RoutingError (No route matches [GET] "/index"):
  actionpack (4.0.0) lib/action_dispatch/middleware/debug_exceptions.rb:21:in `call'
  actionpack (4.0.0) lib/action_dispatch/middleware/show_exceptions.rb:30:in `call'
  railties (4.0.0) lib/rails/rack/logger.rb:38:in `call_app'
  railties (4.0.0) lib/rails/rack/logger.rb:21:in `block in call'
  activesupport (4.0.0) lib/active_support/tagged_logging.rb:67:in `block in tagged'
  activesupport (4.0.0) lib/active_support/tagged_logging.rb:25:in `tagged'
  activesupport (4.0.0) lib/active_support/tagged_logging.rb:67:in `tagged'
  railties (4.0.0) lib/rails/rack/logger.rb:21:in `call'
  actionpack (4.0.0) lib/action_dispatch/middleware/request_id.rb:21:in `call'
  rack (1.5.2) lib/rack/methodoverride.rb:21:in `call'
  rack (1.5.2) lib/rack/runtime.rb:17:in `call'
  activesupport (4.0.0) lib/active_support/cache/strategy/local_cache.rb:83:in `call'
  rack (1.5.2) lib/rack/lock.rb:17:in `call'
  actionpack (4.0.0) lib/action_dispatch/middleware/static.rb:64:in `call'
  railties (4.0.0) lib/rails/engine.rb:511:in `call'
  railties (4.0.0) lib/rails/application.rb:97:in `call'
  rack (1.5.2) lib/rack/lock.rb:17:in `call'
  rack (1.5.2) lib/rack/content_length.rb:14:in `call'
  rack (1.5.2) lib/rack/handler/webrick.rb:60:in `service'
  /Users/alghareebm/.rvm/rubies/ruby-2.0.0-p247/lib/ruby/2.0.0/webrick/httpserver.rb:138:in `service'
  /Users/alghareebm/.rvm/rubies/ruby-2.0.0-p247/lib/ruby/2.0.0/webrick/httpserver.rb:94:in `run'
  /Users/alghareebm/.rvm/rubies/ruby-2.0.0-p247/lib/ruby/2.0.0/webrick/server.rb:295:in `block in start_thread'


  Rendered /Users/alghareebm/.rvm/gems/ruby-2.0.0-p247/gems/actionpack-4.0.0/lib/action_dispatch/middleware/templates/rescues/_trace.erb (1.4ms)
  Rendered /Users/alghareebm/.rvm/gems/ruby-2.0.0-p247/gems/actionpack-4.0.0/lib/action_dispatch/middleware/templates/routes/_route.html.erb (1.2ms)
  Rendered /Users/alghareebm/.rvm/gems/ruby-2.0.0-p247/gems/actionpack-4.0.0/lib/action_dispatch/middleware/templates/routes/_table.html.erb (1.0ms)
  Rendered /Users/alghareebm/.rvm/gems/ruby-2.0.0-p247/gems/actionpack-4.0.0/lib/action_dispatch/middleware/templates/rescues/routing_error.erb within rescues/layout (20.4ms)


Started GET "/StudentScors/index" for 127.0.0.1 at 2013-12-09 21:29:03 -0500

ActionController::RoutingError (No route matches [GET] "/StudentScors/index"):
  actionpack (4.0.0) lib/action_dispatch/middleware/debug_exceptions.rb:21:in `call'
  actionpack (4.0.0) lib/action_dispatch/middleware/show_exceptions.rb:30:in `call'
  railties (4.0.0) lib/rails/rack/logger.rb:38:in `call_app'
  railties (4.0.0) lib/rails/rack/logger.rb:21:in `block in call'
  activesupport (4.0.0) lib/active_support/tagged_logging.rb:67:in `block in tagged'
  activesupport (4.0.0) lib/active_support/tagged_logging.rb:25:in `tagged'
  activesupport (4.0.0) lib/active_support/tagged_logging.rb:67:in `tagged'
  railties (4.0.0) lib/rails/rack/logger.rb:21:in `call'
  actionpack (4.0.0) lib/action_dispatch/middleware/request_id.rb:21:in `call'
  rack (1.5.2) lib/rack/methodoverride.rb:21:in `call'
  rack (1.5.2) lib/rack/runtime.rb:17:in `call'
  activesupport (4.0.0) lib/active_support/cache/strategy/local_cache.rb:83:in `call'
  rack (1.5.2) lib/rack/lock.rb:17:in `call'
  actionpack (4.0.0) lib/action_dispatch/middleware/static.rb:64:in `call'
  railties (4.0.0) lib/rails/engine.rb:511:in `call'
  railties (4.0.0) lib/rails/application.rb:97:in `call'
  rack (1.5.2) lib/rack/lock.rb:17:in `call'
  rack (1.5.2) lib/rack/content_length.rb:14:in `call'
  rack (1.5.2) lib/rack/handler/webrick.rb:60:in `service'
  /Users/alghareebm/.rvm/rubies/ruby-2.0.0-p247/lib/ruby/2.0.0/webrick/httpserver.rb:138:in `service'
  /Users/alghareebm/.rvm/rubies/ruby-2.0.0-p247/lib/ruby/2.0.0/webrick/httpserver.rb:94:in `run'
  /Users/alghareebm/.rvm/rubies/ruby-2.0.0-p247/lib/ruby/2.0.0/webrick/server.rb:295:in `block in start_thread'


  Rendered /Users/alghareebm/.rvm/gems/ruby-2.0.0-p247/gems/actionpack-4.0.0/lib/action_dispatch/middleware/templates/rescues/_trace.erb (1.1ms)
  Rendered /Users/alghareebm/.rvm/gems/ruby-2.0.0-p247/gems/actionpack-4.0.0/lib/action_dispatch/middleware/templates/routes/_route.html.erb (1.3ms)
  Rendered /Users/alghareebm/.rvm/gems/ruby-2.0.0-p247/gems/actionpack-4.0.0/lib/action_dispatch/middleware/templates/routes/_table.html.erb (1.2ms)
  Rendered /Users/alghareebm/.rvm/gems/ruby-2.0.0-p247/gems/actionpack-4.0.0/lib/action_dispatch/middleware/templates/rescues/routing_error.erb within rescues/layout (19.4ms)


Started GET "/student_scors/index" for 127.0.0.1 at 2013-12-09 21:29:14 -0500
Processing by StudentScorsController#show as HTML
  Parameters: {"id"=>"index"}
  [1m[35mStudentScor Load (0.2ms)[0m  SELECT "student_scors".* FROM "student_scors" WHERE "student_scors"."id" = ? LIMIT 1  [["id", "index"]]
Completed 404 Not Found in 4ms

ActiveRecord::RecordNotFound (Couldn't find StudentScor with id=index):
  app/controllers/student_scors_controller.rb:67:in `set_student_scor'


  Rendered /Users/alghareebm/.rvm/gems/ruby-2.0.0-p247/gems/actionpack-4.0.0/lib/action_dispatch/middleware/templates/rescues/_source.erb (0.6ms)
  Rendered /Users/alghareebm/.rvm/gems/ruby-2.0.0-p247/gems/actionpack-4.0.0/lib/action_dispatch/middleware/templates/rescues/_trace.erb (1.1ms)
  Rendered /Users/alghareebm/.rvm/gems/ruby-2.0.0-p247/gems/actionpack-4.0.0/lib/action_dispatch/middleware/templates/rescues/_request_and_response.erb (0.9ms)
  Rendered /Users/alghareebm/.rvm/gems/ruby-2.0.0-p247/gems/actionpack-4.0.0/lib/action_dispatch/middleware/templates/rescues/diagnostics.erb within rescues/layout (15.0ms)
  [1m[36mActiveRecord::SchemaMigration Load (0.1ms)[0m  [1mSELECT "schema_migrations".* FROM "schema_migrations"[0m


Started GET "/student_scors/index" for 127.0.0.1 at 2013-12-09 21:29:39 -0500
Processing by StudentScorsController#show as HTML
  Parameters: {"id"=>"index"}
  [1m[36mStudentScor Load (0.2ms)[0m  [1mSELECT "student_scors".* FROM "student_scors" WHERE "student_scors"."id" = ? LIMIT 1[0m  [["id", "index"]]
Completed 404 Not Found in 2ms

ActiveRecord::RecordNotFound (Couldn't find StudentScor with id=index):
  app/controllers/student_scors_controller.rb:67:in `set_student_scor'


  Rendered /Users/alghareebm/.rvm/gems/ruby-2.0.0-p247/gems/actionpack-4.0.0/lib/action_dispatch/middleware/templates/rescues/_source.erb (0.7ms)
  Rendered /Users/alghareebm/.rvm/gems/ruby-2.0.0-p247/gems/actionpack-4.0.0/lib/action_dispatch/middleware/templates/rescues/_trace.erb (1.2ms)
  Rendered /Users/alghareebm/.rvm/gems/ruby-2.0.0-p247/gems/actionpack-4.0.0/lib/action_dispatch/middleware/templates/rescues/_request_and_response.erb (1.1ms)
  Rendered /Users/alghareebm/.rvm/gems/ruby-2.0.0-p247/gems/actionpack-4.0.0/lib/action_dispatch/middleware/templates/rescues/diagnostics.erb within rescues/layout (15.6ms)


Started GET "/student_scors/index" for 127.0.0.1 at 2013-12-09 21:29:41 -0500
Processing by StudentScorsController#show as HTML
  Parameters: {"id"=>"index"}
  [1m[35mStudentScor Load (0.2ms)[0m  SELECT "student_scors".* FROM "student_scors" WHERE "student_scors"."id" = ? LIMIT 1  [["id", "index"]]
Completed 404 Not Found in 2ms

ActiveRecord::RecordNotFound (Couldn't find StudentScor with id=index):
  app/controllers/student_scors_controller.rb:67:in `set_student_scor'


  Rendered /Users/alghareebm/.rvm/gems/ruby-2.0.0-p247/gems/actionpack-4.0.0/lib/action_dispatch/middleware/templates/rescues/_source.erb (0.6ms)
  Rendered /Users/alghareebm/.rvm/gems/ruby-2.0.0-p247/gems/actionpack-4.0.0/lib/action_dispatch/middleware/templates/rescues/_trace.erb (1.2ms)
  Rendered /Users/alghareebm/.rvm/gems/ruby-2.0.0-p247/gems/actionpack-4.0.0/lib/action_dispatch/middleware/templates/rescues/_request_and_response.erb (1.1ms)
  Rendered /Users/alghareebm/.rvm/gems/ruby-2.0.0-p247/gems/actionpack-4.0.0/lib/action_dispatch/middleware/templates/rescues/diagnostics.erb within rescues/layout (15.4ms)
  [1m[36mActiveRecord::SchemaMigration Load (0.2ms)[0m  [1mSELECT "schema_migrations".* FROM "schema_migrations"[0m
Migrating to CreateContacts (20131210023050)
  [1m[35m (0.1ms)[0m  begin transaction
  [1m[36m (0.7ms)[0m  [1mCREATE TABLE "contacts" ("id" INTEGER PRIMARY KEY AUTOINCREMENT NOT NULL, "Name" varchar(255), "Phone" integer, "created_at" datetime, "updated_at" datetime) [0m
  [1m[35mSQL (0.2ms)[0m  INSERT INTO "schema_migrations" ("version") VALUES (?)  [["version", "20131210023050"]]
  [1m[36m (2.6ms)[0m  [1mcommit transaction[0m
  [1m[35mActiveRecord::SchemaMigration Load (0.1ms)[0m  SELECT "schema_migrations".* FROM "schema_migrations"


Started GET "/" for 127.0.0.1 at 2013-12-09 21:31:14 -0500
  [1m[36mActiveRecord::SchemaMigration Load (0.1ms)[0m  [1mSELECT "schema_migrations".* FROM "schema_migrations"[0m
Processing by Rails::WelcomeController#index as HTML
  Rendered /Users/alghareebm/.rvm/gems/ruby-2.0.0-p247/gems/railties-4.0.0/lib/rails/templates/rails/welcome/index.html.erb (0.1ms)
Completed 200 OK in 2ms (Views: 1.6ms | ActiveRecord: 0.0ms)


Started GET "/" for 127.0.0.1 at 2013-12-09 21:31:18 -0500
Processing by Rails::WelcomeController#index as HTML
  Rendered /Users/alghareebm/.rvm/gems/ruby-2.0.0-p247/gems/railties-4.0.0/lib/rails/templates/rails/welcome/index.html.erb (0.0ms)
Completed 200 OK in 2ms (Views: 1.6ms | ActiveRecord: 0.0ms)


Started GET "/" for 127.0.0.1 at 2013-12-09 21:31:18 -0500
Processing by Rails::WelcomeController#index as HTML
  Rendered /Users/alghareebm/.rvm/gems/ruby-2.0.0-p247/gems/railties-4.0.0/lib/rails/templates/rails/welcome/index.html.erb (0.1ms)
Completed 200 OK in 2ms (Views: 1.5ms | ActiveRecord: 0.0ms)


Started GET "/" for 127.0.0.1 at 2013-12-09 21:31:19 -0500
Processing by Rails::WelcomeController#index as HTML
  Rendered /Users/alghareebm/.rvm/gems/ruby-2.0.0-p247/gems/railties-4.0.0/lib/rails/templates/rails/welcome/index.html.erb (0.0ms)
Completed 200 OK in 2ms (Views: 1.5ms | ActiveRecord: 0.0ms)


Started GET "/" for 127.0.0.1 at 2013-12-09 21:31:19 -0500
Processing by Rails::WelcomeController#index as HTML
  Rendered /Users/alghareebm/.rvm/gems/ruby-2.0.0-p247/gems/railties-4.0.0/lib/rails/templates/rails/welcome/index.html.erb (0.0ms)
Completed 200 OK in 2ms (Views: 1.4ms | ActiveRecord: 0.0ms)


Started GET "/cookie_session/time" for 127.0.0.1 at 2013-12-09 21:31:19 -0500

ActionController::RoutingError (No route matches [GET] "/cookie_session/time"):
  actionpack (4.0.0) lib/action_dispatch/middleware/debug_exceptions.rb:21:in `call'
  actionpack (4.0.0) lib/action_dispatch/middleware/show_exceptions.rb:30:in `call'
  railties (4.0.0) lib/rails/rack/logger.rb:38:in `call_app'
  railties (4.0.0) lib/rails/rack/logger.rb:21:in `block in call'
  activesupport (4.0.0) lib/active_support/tagged_logging.rb:67:in `block in tagged'
  activesupport (4.0.0) lib/active_support/tagged_logging.rb:25:in `tagged'
  activesupport (4.0.0) lib/active_support/tagged_logging.rb:67:in `tagged'
  railties (4.0.0) lib/rails/rack/logger.rb:21:in `call'
  actionpack (4.0.0) lib/action_dispatch/middleware/request_id.rb:21:in `call'
  rack (1.5.2) lib/rack/methodoverride.rb:21:in `call'
  rack (1.5.2) lib/rack/runtime.rb:17:in `call'
  activesupport (4.0.0) lib/active_support/cache/strategy/local_cache.rb:83:in `call'
  rack (1.5.2) lib/rack/lock.rb:17:in `call'
  actionpack (4.0.0) lib/action_dispatch/middleware/static.rb:64:in `call'
  railties (4.0.0) lib/rails/engine.rb:511:in `call'
  railties (4.0.0) lib/rails/application.rb:97:in `call'
  rack (1.5.2) lib/rack/lock.rb:17:in `call'
  rack (1.5.2) lib/rack/content_length.rb:14:in `call'
  rack (1.5.2) lib/rack/handler/webrick.rb:60:in `service'
  /Users/alghareebm/.rvm/rubies/ruby-2.0.0-p247/lib/ruby/2.0.0/webrick/httpserver.rb:138:in `service'
  /Users/alghareebm/.rvm/rubies/ruby-2.0.0-p247/lib/ruby/2.0.0/webrick/httpserver.rb:94:in `run'
  /Users/alghareebm/.rvm/rubies/ruby-2.0.0-p247/lib/ruby/2.0.0/webrick/server.rb:295:in `block in start_thread'


  Rendered /Users/alghareebm/.rvm/gems/ruby-2.0.0-p247/gems/actionpack-4.0.0/lib/action_dispatch/middleware/templates/rescues/_trace.erb (1.0ms)
  Rendered /Users/alghareebm/.rvm/gems/ruby-2.0.0-p247/gems/actionpack-4.0.0/lib/action_dispatch/middleware/templates/routes/_route.html.erb (1.1ms)
  Rendered /Users/alghareebm/.rvm/gems/ruby-2.0.0-p247/gems/actionpack-4.0.0/lib/action_dispatch/middleware/templates/routes/_table.html.erb (1.0ms)
  Rendered /Users/alghareebm/.rvm/gems/ruby-2.0.0-p247/gems/actionpack-4.0.0/lib/action_dispatch/middleware/templates/rescues/routing_error.erb within rescues/layout (17.7ms)


Started GET "/contacts/index" for 127.0.0.1 at 2013-12-09 21:31:23 -0500
Processing by ContactsController#show as HTML
  Parameters: {"id"=>"index"}
  [1m[35mContact Load (0.1ms)[0m  SELECT "contacts".* FROM "contacts" WHERE "contacts"."id" = ? LIMIT 1  [["id", "index"]]
Completed 404 Not Found in 4ms

ActiveRecord::RecordNotFound (Couldn't find Contact with id=index):
  app/controllers/contacts_controller.rb:67:in `set_contact'


  Rendered /Users/alghareebm/.rvm/gems/ruby-2.0.0-p247/gems/actionpack-4.0.0/lib/action_dispatch/middleware/templates/rescues/_source.erb (0.7ms)
  Rendered /Users/alghareebm/.rvm/gems/ruby-2.0.0-p247/gems/actionpack-4.0.0/lib/action_dispatch/middleware/templates/rescues/_trace.erb (1.2ms)
  Rendered /Users/alghareebm/.rvm/gems/ruby-2.0.0-p247/gems/actionpack-4.0.0/lib/action_dispatch/middleware/templates/rescues/_request_and_response.erb (1.0ms)
  Rendered /Users/alghareebm/.rvm/gems/ruby-2.0.0-p247/gems/actionpack-4.0.0/lib/action_dispatch/middleware/templates/rescues/diagnostics.erb within rescues/layout (15.8ms)


Started GET "/contacts/index" for 127.0.0.1 at 2013-12-09 21:31:29 -0500
Processing by ContactsController#show as HTML
  Parameters: {"id"=>"index"}
  [1m[36mContact Load (0.1ms)[0m  [1mSELECT "contacts".* FROM "contacts" WHERE "contacts"."id" = ? LIMIT 1[0m  [["id", "index"]]
Completed 404 Not Found in 1ms

ActiveRecord::RecordNotFound (Couldn't find Contact with id=index):
  app/controllers/contacts_controller.rb:67:in `set_contact'


  Rendered /Users/alghareebm/.rvm/gems/ruby-2.0.0-p247/gems/actionpack-4.0.0/lib/action_dispatch/middleware/templates/rescues/_source.erb (0.6ms)
  Rendered /Users/alghareebm/.rvm/gems/ruby-2.0.0-p247/gems/actionpack-4.0.0/lib/action_dispatch/middleware/templates/rescues/_trace.erb (1.0ms)
  Rendered /Users/alghareebm/.rvm/gems/ruby-2.0.0-p247/gems/actionpack-4.0.0/lib/action_dispatch/middleware/templates/rescues/_request_and_response.erb (0.9ms)
  Rendered /Users/alghareebm/.rvm/gems/ruby-2.0.0-p247/gems/actionpack-4.0.0/lib/action_dispatch/middleware/templates/rescues/diagnostics.erb within rescues/layout (14.3ms)


Started GET "/contacts/index" for 127.0.0.1 at 2013-12-09 21:31:29 -0500
Processing by ContactsController#show as HTML
  Parameters: {"id"=>"index"}
  [1m[35mContact Load (0.1ms)[0m  SELECT "contacts".* FROM "contacts" WHERE "contacts"."id" = ? LIMIT 1  [["id", "index"]]
Completed 404 Not Found in 1ms

ActiveRecord::RecordNotFound (Couldn't find Contact with id=index):
  app/controllers/contacts_controller.rb:67:in `set_contact'


  Rendered /Users/alghareebm/.rvm/gems/ruby-2.0.0-p247/gems/actionpack-4.0.0/lib/action_dispatch/middleware/templates/rescues/_source.erb (1.1ms)
  Rendered /Users/alghareebm/.rvm/gems/ruby-2.0.0-p247/gems/actionpack-4.0.0/lib/action_dispatch/middleware/templates/rescues/_trace.erb (1.7ms)
  Rendered /Users/alghareebm/.rvm/gems/ruby-2.0.0-p247/gems/actionpack-4.0.0/lib/action_dispatch/middleware/templates/rescues/_request_and_response.erb (1.4ms)
  Rendered /Users/alghareebm/.rvm/gems/ruby-2.0.0-p247/gems/actionpack-4.0.0/lib/action_dispatch/middleware/templates/rescues/diagnostics.erb within rescues/layout (23.5ms)


Started GET "/contacts/new" for 127.0.0.1 at 2013-12-09 21:31:31 -0500
Processing by ContactsController#new as HTML
  Rendered contacts/_form.html.erb (81.7ms)
  Rendered contacts/new.html.erb within layouts/application (83.6ms)
Completed 200 OK in 1351ms (Views: 1350.2ms | ActiveRecord: 0.0ms)


Started GET "/assets/application.css?body=1" for 127.0.0.1 at 2013-12-09 21:31:32 -0500


Started GET "/assets/jquery.js?body=1" for 127.0.0.1 at 2013-12-09 21:31:32 -0500


Started GET "/assets/contacts.css?body=1" for 127.0.0.1 at 2013-12-09 21:31:32 -0500


Started GET "/assets/scaffolds.css?body=1" for 127.0.0.1 at 2013-12-09 21:31:32 -0500


Started GET "/assets/jquery_ujs.js?body=1" for 127.0.0.1 at 2013-12-09 21:31:32 -0500


Started GET "/assets/turbolinks.js?body=1" for 127.0.0.1 at 2013-12-09 21:31:32 -0500


Started GET "/assets/contacts.js?body=1" for 127.0.0.1 at 2013-12-09 21:31:32 -0500


Started GET "/assets/application.js?body=1" for 127.0.0.1 at 2013-12-09 21:31:32 -0500


Started GET "/contacts/new" for 127.0.0.1 at 2013-12-09 21:31:57 -0500
Processing by ContactsController#new as HTML
  Rendered contacts/_form.html.erb (2.6ms)
  Rendered contacts/new.html.erb within layouts/application (3.5ms)
Completed 200 OK in 9ms (Views: 7.6ms | ActiveRecord: 0.0ms)


Started GET "/contacts/new" for 127.0.0.1 at 2013-12-09 21:31:57 -0500
Processing by ContactsController#new as HTML
  Rendered contacts/_form.html.erb (2.6ms)
  Rendered contacts/new.html.erb within layouts/application (3.4ms)
Completed 200 OK in 8ms (Views: 7.6ms | ActiveRecord: 0.0ms)


Started GET "/assets/contacts.css?body=1" for 127.0.0.1 at 2013-12-09 21:31:57 -0500


Started GET "/assets/turbolinks.js?body=1" for 127.0.0.1 at 2013-12-09 21:31:57 -0500


Started GET "/assets/application.css?body=1" for 127.0.0.1 at 2013-12-09 21:31:57 -0500


Started GET "/assets/jquery_ujs.js?body=1" for 127.0.0.1 at 2013-12-09 21:31:57 -0500


Started GET "/assets/jquery.js?body=1" for 127.0.0.1 at 2013-12-09 21:31:57 -0500


Started GET "/assets/scaffolds.css?body=1" for 127.0.0.1 at 2013-12-09 21:31:57 -0500


Started GET "/assets/contacts.js?body=1" for 127.0.0.1 at 2013-12-09 21:31:57 -0500


Started GET "/assets/application.js?body=1" for 127.0.0.1 at 2013-12-09 21:31:57 -0500


Started GET "/contacts/" for 127.0.0.1 at 2013-12-09 21:31:58 -0500
Processing by ContactsController#index as HTML
  [1m[36mContact Load (0.3ms)[0m  [1mSELECT "contacts".* FROM "contacts"[0m
  Rendered contacts/index.html.erb within layouts/application (2.2ms)
Completed 200 OK in 9ms (Views: 7.9ms | ActiveRecord: 0.3ms)


Started GET "/assets/contacts.css?body=1" for 127.0.0.1 at 2013-12-09 21:31:58 -0500


Started GET "/assets/contacts.js?body=1" for 127.0.0.1 at 2013-12-09 21:31:58 -0500


Started GET "/contacts/new" for 127.0.0.1 at 2013-12-09 21:32:02 -0500
Processing by ContactsController#new as HTML
  Rendered contacts/_form.html.erb (3.1ms)
  Rendered contacts/new.html.erb within layouts/application (4.5ms)
Completed 200 OK in 10ms (Views: 8.9ms | ActiveRecord: 0.0ms)


Started POST "/contacts" for 127.0.0.1 at 2013-12-09 21:32:27 -0500
Processing by ContactsController#create as HTML
  Parameters: {"utf8"=>"✓", "authenticity_token"=>"AmQlFYcjgtLOH8TeXJ9/mgUhAmZkt758SbWBAPuS5t8=", "contact"=>{"Name"=>"Mohamed", "Phone"=>"2022804456"}, "commit"=>"Create Contact"}
  [1m[35m (0.1ms)[0m  begin transaction
  [1m[36mSQL (62.4ms)[0m  [1mINSERT INTO "contacts" ("Name", "Phone", "created_at", "updated_at") VALUES (?, ?, ?, ?)[0m  [["Name", "Mohamed"], ["Phone", 2022804456], ["created_at", Tue, 10 Dec 2013 02:32:27 UTC +00:00], ["updated_at", Tue, 10 Dec 2013 02:32:27 UTC +00:00]]
  [1m[35m (1.3ms)[0m  commit transaction
Redirected to http://localhost:3000/contacts/1
Completed 302 Found in 70ms (ActiveRecord: 63.7ms)


Started GET "/contacts/1" for 127.0.0.1 at 2013-12-09 21:32:27 -0500
Processing by ContactsController#show as HTML
  Parameters: {"id"=>"1"}
  [1m[36mContact Load (0.1ms)[0m  [1mSELECT "contacts".* FROM "contacts" WHERE "contacts"."id" = ? LIMIT 1[0m  [["id", "1"]]
  Rendered contacts/show.html.erb within layouts/application (0.9ms)
Completed 200 OK in 8ms (Views: 5.9ms | ActiveRecord: 0.1ms)


Started GET "/assets/contacts.css?body=1" for 127.0.0.1 at 2013-12-09 21:32:27 -0500


Started GET "/assets/scaffolds.css?body=1" for 127.0.0.1 at 2013-12-09 21:32:27 -0500


Started GET "/assets/contacts.js?body=1" for 127.0.0.1 at 2013-12-09 21:32:27 -0500


Started GET "/contacts" for 127.0.0.1 at 2013-12-09 21:32:30 -0500
Processing by ContactsController#index as HTML
  [1m[35mContact Load (0.2ms)[0m  SELECT "contacts".* FROM "contacts"
  Rendered contacts/index.html.erb within layouts/application (2.1ms)
Completed 200 OK in 8ms (Views: 6.7ms | ActiveRecord: 0.2ms)


Started GET "/contacts/new" for 127.0.0.1 at 2013-12-09 21:32:32 -0500
Processing by ContactsController#new as HTML
  Rendered contacts/_form.html.erb (2.3ms)
  Rendered contacts/new.html.erb within layouts/application (3.1ms)
Completed 200 OK in 8ms (Views: 6.9ms | ActiveRecord: 0.0ms)


Started POST "/contacts" for 127.0.0.1 at 2013-12-09 21:32:48 -0500
Processing by ContactsController#create as HTML
  Parameters: {"utf8"=>"✓", "authenticity_token"=>"AmQlFYcjgtLOH8TeXJ9/mgUhAmZkt758SbWBAPuS5t8=", "contact"=>{"Name"=>"Dave", "Phone"=>"2022128983"}, "commit"=>"Create Contact"}
  [1m[36m (0.2ms)[0m  [1mbegin transaction[0m
  [1m[35mSQL (0.6ms)[0m  INSERT INTO "contacts" ("Name", "Phone", "created_at", "updated_at") VALUES (?, ?, ?, ?)  [["Name", "Dave"], ["Phone", 2022128983], ["created_at", Tue, 10 Dec 2013 02:32:48 UTC +00:00], ["updated_at", Tue, 10 Dec 2013 02:32:48 UTC +00:00]]
  [1m[36m (2.4ms)[0m  [1mcommit transaction[0m
Redirected to http://localhost:3000/contacts/2
Completed 302 Found in 7ms (ActiveRecord: 3.2ms)


Started GET "/contacts/2" for 127.0.0.1 at 2013-12-09 21:32:48 -0500
Processing by ContactsController#show as HTML
  Parameters: {"id"=>"2"}
  [1m[35mContact Load (0.1ms)[0m  SELECT "contacts".* FROM "contacts" WHERE "contacts"."id" = ? LIMIT 1  [["id", "2"]]
  Rendered contacts/show.html.erb within layouts/application (0.4ms)
Completed 200 OK in 5ms (Views: 4.0ms | ActiveRecord: 0.1ms)


Started GET "/assets/contacts.css?body=1" for 127.0.0.1 at 2013-12-09 21:32:48 -0500


Started GET "/assets/scaffolds.css?body=1" for 127.0.0.1 at 2013-12-09 21:32:48 -0500


Started GET "/assets/contacts.js?body=1" for 127.0.0.1 at 2013-12-09 21:32:48 -0500


Started GET "/contacts" for 127.0.0.1 at 2013-12-09 21:32:49 -0500
Processing by ContactsController#index as HTML
  [1m[36mContact Load (0.2ms)[0m  [1mSELECT "contacts".* FROM "contacts"[0m
  Rendered contacts/index.html.erb within layouts/application (1.5ms)
Completed 200 OK in 6ms (Views: 5.7ms | ActiveRecord: 0.2ms)


Started GET "/contacts/new" for 127.0.0.1 at 2013-12-09 21:32:50 -0500
Processing by ContactsController#new as HTML
  Rendered contacts/_form.html.erb (2.3ms)
  Rendered contacts/new.html.erb within layouts/application (3.2ms)
Completed 200 OK in 8ms (Views: 7.5ms | ActiveRecord: 0.0ms)


Started POST "/contacts" for 127.0.0.1 at 2013-12-09 21:33:07 -0500
Processing by ContactsController#create as HTML
  Parameters: {"utf8"=>"✓", "authenticity_token"=>"AmQlFYcjgtLOH8TeXJ9/mgUhAmZkt758SbWBAPuS5t8=", "contact"=>{"Name"=>"Sam", "Phone"=>""}, "commit"=>"Create Contact"}
  [1m[35m (0.1ms)[0m  begin transaction
  [1m[36mSQL (0.8ms)[0m  [1mINSERT INTO "contacts" ("Name", "created_at", "updated_at") VALUES (?, ?, ?)[0m  [["Name", "Sam"], ["created_at", Tue, 10 Dec 2013 02:33:07 UTC +00:00], ["updated_at", Tue, 10 Dec 2013 02:33:07 UTC +00:00]]
  [1m[35m (2.8ms)[0m  commit transaction
Redirected to http://localhost:3000/contacts/3
Completed 302 Found in 7ms (ActiveRecord: 3.8ms)


Started GET "/contacts/3" for 127.0.0.1 at 2013-12-09 21:33:07 -0500
Processing by ContactsController#show as HTML
  Parameters: {"id"=>"3"}
  [1m[36mContact Load (0.2ms)[0m  [1mSELECT "contacts".* FROM "contacts" WHERE "contacts"."id" = ? LIMIT 1[0m  [["id", "3"]]
  Rendered contacts/show.html.erb within layouts/application (0.5ms)
Completed 200 OK in 7ms (Views: 5.3ms | ActiveRecord: 0.2ms)


Started GET "/assets/contacts.css?body=1" for 127.0.0.1 at 2013-12-09 21:33:07 -0500


Started GET "/assets/scaffolds.css?body=1" for 127.0.0.1 at 2013-12-09 21:33:07 -0500


Started GET "/assets/contacts.js?body=1" for 127.0.0.1 at 2013-12-09 21:33:07 -0500


Started GET "/contacts" for 127.0.0.1 at 2013-12-09 21:33:09 -0500
Processing by ContactsController#index as HTML
  [1m[35mContact Load (0.2ms)[0m  SELECT "contacts".* FROM "contacts"
  Rendered contacts/index.html.erb within layouts/application (1.9ms)
Completed 200 OK in 6ms (Views: 5.6ms | ActiveRecord: 0.2ms)


Started GET "/contacts/3/edit" for 127.0.0.1 at 2013-12-09 21:33:11 -0500
Processing by ContactsController#edit as HTML
  Parameters: {"id"=>"3"}
  [1m[36mContact Load (0.1ms)[0m  [1mSELECT "contacts".* FROM "contacts" WHERE "contacts"."id" = ? LIMIT 1[0m  [["id", "3"]]
  Rendered contacts/_form.html.erb (2.7ms)
  Rendered contacts/edit.html.erb within layouts/application (4.1ms)
Completed 200 OK in 9ms (Views: 8.1ms | ActiveRecord: 0.1ms)


Started PATCH "/contacts/3" for 127.0.0.1 at 2013-12-09 21:33:18 -0500
Processing by ContactsController#update as HTML
  Parameters: {"utf8"=>"✓", "authenticity_token"=>"AmQlFYcjgtLOH8TeXJ9/mgUhAmZkt758SbWBAPuS5t8=", "contact"=>{"Name"=>"Sam", "Phone"=>"2230883372"}, "commit"=>"Update Contact", "id"=>"3"}
  [1m[35mContact Load (0.1ms)[0m  SELECT "contacts".* FROM "contacts" WHERE "contacts"."id" = ? LIMIT 1  [["id", "3"]]
  [1m[36m (0.1ms)[0m  [1mbegin transaction[0m
  [1m[35mSQL (0.7ms)[0m  UPDATE "contacts" SET "Phone" = ?, "updated_at" = ? WHERE "contacts"."id" = 3  [["Phone", 2230883372], ["updated_at", Tue, 10 Dec 2013 02:33:18 UTC +00:00]]
  [1m[36m (36.4ms)[0m  [1mcommit transaction[0m
Redirected to http://localhost:3000/contacts/3
Completed 302 Found in 43ms (ActiveRecord: 37.4ms)


Started GET "/contacts/3" for 127.0.0.1 at 2013-12-09 21:33:18 -0500
Processing by ContactsController#show as HTML
  Parameters: {"id"=>"3"}
  [1m[35mContact Load (0.2ms)[0m  SELECT "contacts".* FROM "contacts" WHERE "contacts"."id" = ? LIMIT 1  [["id", "3"]]
  Rendered contacts/show.html.erb within layouts/application (0.4ms)
Completed 200 OK in 6ms (Views: 4.3ms | ActiveRecord: 0.2ms)


Started GET "/assets/contacts.css?body=1" for 127.0.0.1 at 2013-12-09 21:33:18 -0500


Started GET "/assets/scaffolds.css?body=1" for 127.0.0.1 at 2013-12-09 21:33:18 -0500


Started GET "/assets/contacts.js?body=1" for 127.0.0.1 at 2013-12-09 21:33:18 -0500


Started GET "/contacts" for 127.0.0.1 at 2013-12-09 21:33:19 -0500
Processing by ContactsController#index as HTML
  [1m[36mContact Load (0.1ms)[0m  [1mSELECT "contacts".* FROM "contacts"[0m
  Rendered contacts/index.html.erb within layouts/application (2.0ms)
Completed 200 OK in 6ms (Views: 5.6ms | ActiveRecord: 0.1ms)


Started GET "/contacts" for 192.168.0.12 at 2013-12-09 21:43:53 -0500
Processing by ContactsController#index as HTML
  [1m[35mContact Load (0.5ms)[0m  SELECT "contacts".* FROM "contacts"
  Rendered contacts/index.html.erb within layouts/application (16.3ms)
Completed 200 OK in 28ms (Views: 23.5ms | ActiveRecord: 0.8ms)


Started GET "/assets/application.css?body=1" for 192.168.0.12 at 2013-12-09 21:43:53 -0500


Started GET "/assets/contacts.css?body=1" for 192.168.0.12 at 2013-12-09 21:43:53 -0500


Started GET "/assets/scaffolds.css?body=1" for 192.168.0.12 at 2013-12-09 21:43:53 -0500


Started GET "/assets/jquery.js?body=1" for 192.168.0.12 at 2013-12-09 21:43:54 -0500


Started GET "/assets/contacts.js?body=1" for 192.168.0.12 at 2013-12-09 21:43:54 -0500


Started GET "/assets/jquery_ujs.js?body=1" for 192.168.0.12 at 2013-12-09 21:43:54 -0500


Started GET "/assets/application.js?body=1" for 192.168.0.12 at 2013-12-09 21:43:54 -0500


Started GET "/assets/turbolinks.js?body=1" for 192.168.0.12 at 2013-12-09 21:43:54 -0500


Started GET "/contacts/3" for 192.168.0.12 at 2013-12-09 21:44:08 -0500
Processing by ContactsController#show as HTML
  Parameters: {"id"=>"3"}
  [1m[36mContact Load (0.3ms)[0m  [1mSELECT "contacts".* FROM "contacts" WHERE "contacts"."id" = ? LIMIT 1[0m  [["id", "3"]]
  Rendered contacts/show.html.erb within layouts/application (0.9ms)
Completed 200 OK in 9ms (Views: 6.5ms | ActiveRecord: 0.3ms)


Started GET "/contacts" for 192.168.0.12 at 2013-12-09 21:44:10 -0500
Processing by ContactsController#index as HTML
  [1m[35mContact Load (0.2ms)[0m  SELECT "contacts".* FROM "contacts"
  Rendered contacts/index.html.erb within layouts/application (2.2ms)
Completed 200 OK in 8ms (Views: 7.2ms | ActiveRecord: 0.2ms)


Started GET "/contacts" for 192.168.0.12 at 2013-12-09 21:50:30 -0500
Processing by ContactsController#index as HTML
  [1m[36mContact Load (0.2ms)[0m  [1mSELECT "contacts".* FROM "contacts"[0m
  Rendered contacts/index.mobile.erb within layouts/application (3.4ms)
Completed 200 OK in 11ms (Views: 9.6ms | ActiveRecord: 0.2ms)


Started GET "/assets/application.css?body=1" for 192.168.0.12 at 2013-12-09 21:50:30 -0500


Started GET "/assets/contacts.css?body=1" for 192.168.0.12 at 2013-12-09 21:50:30 -0500


Started GET "/assets/scaffolds.css?body=1" for 192.168.0.12 at 2013-12-09 21:50:30 -0500


Started GET "/assets/turbolinks.js?body=1" for 192.168.0.12 at 2013-12-09 21:50:30 -0500


Started GET "/assets/jquery.js?body=1" for 192.168.0.12 at 2013-12-09 21:50:30 -0500


Started GET "/assets/jquery_ujs.js?body=1" for 192.168.0.12 at 2013-12-09 21:50:30 -0500


Started GET "/assets/contacts.js?body=1" for 192.168.0.12 at 2013-12-09 21:50:30 -0500


Started GET "/assets/application.js?body=1" for 192.168.0.12 at 2013-12-09 21:50:30 -0500


Started GET "/contacts" for 192.168.0.12 at 2013-12-09 21:52:00 -0500
Processing by ContactsController#index as HTML
  [1m[35mContact Load (0.2ms)[0m  SELECT "contacts".* FROM "contacts"
  Rendered contacts/index.mobile.erb within layouts/application (2.7ms)
Completed 200 OK in 8ms (Views: 6.9ms | ActiveRecord: 0.2ms)


Started GET "/assets/application.css?body=1" for 192.168.0.12 at 2013-12-09 21:52:00 -0500


Started GET "/assets/contacts.css?body=1" for 192.168.0.12 at 2013-12-09 21:52:00 -0500


Started GET "/assets/scaffolds.css?body=1" for 192.168.0.12 at 2013-12-09 21:52:00 -0500


Started GET "/assets/jquery.js?body=1" for 192.168.0.12 at 2013-12-09 21:52:00 -0500


Started GET "/assets/jquery_ujs.js?body=1" for 192.168.0.12 at 2013-12-09 21:52:00 -0500


Started GET "/assets/turbolinks.js?body=1" for 192.168.0.12 at 2013-12-09 21:52:00 -0500


Started GET "/assets/contacts.js?body=1" for 192.168.0.12 at 2013-12-09 21:52:00 -0500


Started GET "/assets/application.js?body=1" for 192.168.0.12 at 2013-12-09 21:52:00 -0500


Started GET "/contacts/new" for 192.168.0.12 at 2013-12-09 21:52:07 -0500
Processing by ContactsController#new as HTML
  Rendered contacts/_form.html.erb (2.9ms)
  Rendered contacts/new.html.erb within layouts/application (4.4ms)
Completed 200 OK in 12ms (Views: 10.3ms | ActiveRecord: 0.0ms)


Started POST "/contacts" for 192.168.0.12 at 2013-12-09 21:52:07 -0500
Processing by ContactsController#create as HTML
  Parameters: {"utf8"=>"✓", "authenticity_token"=>"9rNdJhmZYE4lUdDfFhfkIMWZLA/SKHLivOfIusSH4x0=", "contact"=>{"Name"=>"", "Phone"=>""}, "commit"=>"Create Contact"}
  [1m[36m (0.1ms)[0m  [1mbegin transaction[0m
  [1m[35mSQL (0.5ms)[0m  INSERT INTO "contacts" ("Name", "created_at", "updated_at") VALUES (?, ?, ?)  [["Name", ""], ["created_at", Tue, 10 Dec 2013 02:52:07 UTC +00:00], ["updated_at", Tue, 10 Dec 2013 02:52:07 UTC +00:00]]
  [1m[36m (2.6ms)[0m  [1mcommit transaction[0m
Completed 500 Internal Server Error in 9ms

ActionView::MissingTemplate (Missing template contacts/create, application/create with {:locale=>[:en], :formats=>[:mobile], :handlers=>[:erb, :builder, :raw, :ruby, :jbuilder, :coffee]}. Searched in:
  * "/Users/alghareebm/RubymineProjects/MobileRailsApp/app/views"
  * "/Users/alghareebm/RubymineProjects/MobileRailsApp/app/views"
):
  app/controllers/contacts_controller.rb:29:in `create'


  Rendered /Users/alghareebm/.rvm/gems/ruby-2.0.0-p247/gems/actionpack-4.0.0/lib/action_dispatch/middleware/templates/rescues/missing_template.erb within rescues/layout (0.5ms)


Started POST "/contacts" for 192.168.0.12 at 2013-12-09 21:53:15 -0500
Processing by ContactsController#create as HTML
  Parameters: {"utf8"=>"✓", "authenticity_token"=>"9rNdJhmZYE4lUdDfFhfkIMWZLA/SKHLivOfIusSH4x0=", "contact"=>{"Name"=>"", "Phone"=>""}, "commit"=>"Create Contact"}
  [1m[35m (0.1ms)[0m  begin transaction
  [1m[36mSQL (0.5ms)[0m  [1mINSERT INTO "contacts" ("Name", "created_at", "updated_at") VALUES (?, ?, ?)[0m  [["Name", ""], ["created_at", Tue, 10 Dec 2013 02:53:15 UTC +00:00], ["updated_at", Tue, 10 Dec 2013 02:53:15 UTC +00:00]]
  [1m[35m (2.6ms)[0m  commit transaction
Completed 500 Internal Server Error in 9ms

ActionView::MissingTemplate (Missing template contacts/create, application/create with {:locale=>[:en], :formats=>[:mobile], :handlers=>[:erb, :builder, :raw, :ruby, :jbuilder, :coffee]}. Searched in:
  * "/Users/alghareebm/RubymineProjects/MobileRailsApp/app/views"
  * "/Users/alghareebm/RubymineProjects/MobileRailsApp/app/views"
):
  app/controllers/contacts_controller.rb:29:in `create'


  Rendered /Users/alghareebm/.rvm/gems/ruby-2.0.0-p247/gems/actionpack-4.0.0/lib/action_dispatch/middleware/templates/rescues/missing_template.erb within rescues/layout (0.4ms)


Started GET "/contacts/new" for 192.168.0.12 at 2013-12-09 21:53:16 -0500
Processing by ContactsController#new as HTML
  Rendered contacts/_form.html.erb (2.3ms)
  Rendered contacts/new.html.erb within layouts/application (3.4ms)
Completed 200 OK in 9ms (Views: 8.0ms | ActiveRecord: 0.0ms)


Started GET "/contacts" for 192.168.0.12 at 2013-12-09 21:53:25 -0500
Processing by ContactsController#index as HTML
  [1m[36mContact Load (0.2ms)[0m  [1mSELECT "contacts".* FROM "contacts"[0m
  Rendered contacts/index.mobile.erb within layouts/application (3.4ms)
Completed 200 OK in 9ms (Views: 7.7ms | ActiveRecord: 0.2ms)


Started GET "/assets/application.css?body=1" for 192.168.0.12 at 2013-12-09 21:53:25 -0500


Started GET "/assets/contacts.css?body=1" for 192.168.0.12 at 2013-12-09 21:53:25 -0500


Started GET "/assets/scaffolds.css?body=1" for 192.168.0.12 at 2013-12-09 21:53:25 -0500


Started GET "/assets/jquery.js?body=1" for 192.168.0.12 at 2013-12-09 21:53:25 -0500


Started GET "/assets/turbolinks.js?body=1" for 192.168.0.12 at 2013-12-09 21:53:25 -0500


Started GET "/assets/contacts.js?body=1" for 192.168.0.12 at 2013-12-09 21:53:25 -0500


Started GET "/assets/jquery_ujs.js?body=1" for 192.168.0.12 at 2013-12-09 21:53:25 -0500


Started GET "/assets/application.js?body=1" for 192.168.0.12 at 2013-12-09 21:53:25 -0500


Started DELETE "/contacts/5" for 192.168.0.12 at 2013-12-09 21:53:30 -0500
Processing by ContactsController#destroy as HTML
  Parameters: {"authenticity_token"=>"9rNdJhmZYE4lUdDfFhfkIMWZLA/SKHLivOfIusSH4x0=", "id"=>"5"}
  [1m[35mContact Load (0.2ms)[0m  SELECT "contacts".* FROM "contacts" WHERE "contacts"."id" = ? LIMIT 1  [["id", "5"]]
  [1m[36m (0.1ms)[0m  [1mbegin transaction[0m
  [1m[35mSQL (0.3ms)[0m  DELETE FROM "contacts" WHERE "contacts"."id" = ?  [["id", 5]]
  [1m[36m (2.4ms)[0m  [1mcommit transaction[0m
Completed 500 Internal Server Error in 8ms

ActionView::MissingTemplate (Missing template contacts/destroy, application/destroy with {:locale=>[:en], :formats=>[:mobile], :handlers=>[:erb, :builder, :raw, :ruby, :jbuilder, :coffee]}. Searched in:
  * "/Users/alghareebm/RubymineProjects/MobileRailsApp/app/views"
  * "/Users/alghareebm/RubymineProjects/MobileRailsApp/app/views"
):
  app/controllers/contacts_controller.rb:58:in `destroy'


  Rendered /Users/alghareebm/.rvm/gems/ruby-2.0.0-p247/gems/actionpack-4.0.0/lib/action_dispatch/middleware/templates/rescues/missing_template.erb within rescues/layout (0.4ms)


Started GET "/contacts" for 192.168.0.12 at 2013-12-09 21:53:33 -0500
Processing by ContactsController#index as HTML
  [1m[35mContact Load (0.2ms)[0m  SELECT "contacts".* FROM "contacts"
  Rendered contacts/index.mobile.erb within layouts/application (2.7ms)
Completed 200 OK in 41ms (Views: 40.1ms | ActiveRecord: 0.2ms)


Started GET "/contacts/4" for 192.168.0.12 at 2013-12-09 21:55:50 -0500
Processing by ContactsController#show as HTML
  Parameters: {"id"=>"4"}
  [1m[36mContact Load (0.1ms)[0m  [1mSELECT "contacts".* FROM "contacts" WHERE "contacts"."id" = ? LIMIT 1[0m  [["id", "4"]]
  Rendered contacts/show.mobile.erb within layouts/application (0.9ms)
Completed 200 OK in 7ms (Views: 5.5ms | ActiveRecord: 0.1ms)


Started GET "/contacts" for 192.168.0.12 at 2013-12-09 21:55:52 -0500
Processing by ContactsController#index as HTML
  [1m[35mContact Load (0.2ms)[0m  SELECT "contacts".* FROM "contacts"
  Rendered contacts/index.mobile.erb within layouts/application (2.4ms)
Completed 200 OK in 8ms (Views: 6.5ms | ActiveRecord: 0.2ms)


Started DELETE "/contacts/4" for 192.168.0.12 at 2013-12-09 21:55:58 -0500
Processing by ContactsController#destroy as HTML
  Parameters: {"authenticity_token"=>"9rNdJhmZYE4lUdDfFhfkIMWZLA/SKHLivOfIusSH4x0=", "id"=>"4"}
  [1m[36mContact Load (0.2ms)[0m  [1mSELECT "contacts".* FROM "contacts" WHERE "contacts"."id" = ? LIMIT 1[0m  [["id", "4"]]
  [1m[35m (0.1ms)[0m  begin transaction
  [1m[36mSQL (0.3ms)[0m  [1mDELETE FROM "contacts" WHERE "contacts"."id" = ?[0m  [["id", 4]]
  [1m[35m (2.2ms)[0m  commit transaction
Completed 500 Internal Server Error in 7ms

ActionView::MissingTemplate (Missing template contacts/destroy, application/destroy with {:locale=>[:en], :formats=>[:mobile], :handlers=>[:erb, :builder, :raw, :ruby, :jbuilder, :coffee]}. Searched in:
  * "/Users/alghareebm/RubymineProjects/MobileRailsApp/app/views"
  * "/Users/alghareebm/RubymineProjects/MobileRailsApp/app/views"
):
  app/controllers/contacts_controller.rb:58:in `destroy'


  Rendered /Users/alghareebm/.rvm/gems/ruby-2.0.0-p247/gems/actionpack-4.0.0/lib/action_dispatch/middleware/templates/rescues/missing_template.erb within rescues/layout (0.4ms)


Started GET "/contacts" for 192.168.0.12 at 2013-12-09 21:57:33 -0500
Processing by ContactsController#index as HTML
  [1m[36mContact Load (0.2ms)[0m  [1mSELECT "contacts".* FROM "contacts"[0m
  Rendered contacts/index.mobile.erb within layouts/application (2.2ms)
Completed 200 OK in 7ms (Views: 6.4ms | ActiveRecord: 0.2ms)


Started GET "/contacts/new" for 192.168.0.12 at 2013-12-09 21:57:38 -0500
Processing by ContactsController#new as HTML
  Rendered contacts/new.mobile.erb within layouts/application (0.4ms)
Completed 200 OK in 7ms (Views: 6.1ms | ActiveRecord: 0.0ms)


Started GET "/contacts/new" for 192.168.0.12 at 2013-12-09 21:57:41 -0500
Processing by ContactsController#new as HTML
  Rendered contacts/new.mobile.erb within layouts/application (0.0ms)
Completed 200 OK in 5ms (Views: 4.2ms | ActiveRecord: 0.0ms)


Started GET "/assets/application.css?body=1" for 192.168.0.12 at 2013-12-09 21:57:41 -0500


Started GET "/assets/contacts.css?body=1" for 192.168.0.12 at 2013-12-09 21:57:41 -0500


Started GET "/assets/scaffolds.css?body=1" for 192.168.0.12 at 2013-12-09 21:57:41 -0500


Started GET "/assets/jquery.js?body=1" for 192.168.0.12 at 2013-12-09 21:57:41 -0500


Started GET "/assets/jquery_ujs.js?body=1" for 192.168.0.12 at 2013-12-09 21:57:41 -0500


Started GET "/assets/application.js?body=1" for 192.168.0.12 at 2013-12-09 21:57:41 -0500


Started GET "/assets/turbolinks.js?body=1" for 192.168.0.12 at 2013-12-09 21:57:41 -0500


Started GET "/assets/contacts.js?body=1" for 192.168.0.12 at 2013-12-09 21:57:41 -0500


Started GET "/contacts/new" for 192.168.0.12 at 2013-12-09 21:57:43 -0500
Processing by ContactsController#new as HTML
  Rendered contacts/new.mobile.erb within layouts/application (0.0ms)
Completed 200 OK in 5ms (Views: 4.5ms | ActiveRecord: 0.0ms)


Started GET "/assets/application.css?body=1" for 192.168.0.12 at 2013-12-09 21:57:43 -0500


Started GET "/assets/contacts.css?body=1" for 192.168.0.12 at 2013-12-09 21:57:43 -0500


Started GET "/assets/scaffolds.css?body=1" for 192.168.0.12 at 2013-12-09 21:57:43 -0500


Started GET "/assets/jquery.js?body=1" for 192.168.0.12 at 2013-12-09 21:57:43 -0500


Started GET "/assets/jquery_ujs.js?body=1" for 192.168.0.12 at 2013-12-09 21:57:43 -0500


Started GET "/assets/contacts.js?body=1" for 192.168.0.12 at 2013-12-09 21:57:43 -0500


Started GET "/assets/application.js?body=1" for 192.168.0.12 at 2013-12-09 21:57:43 -0500


Started GET "/assets/turbolinks.js?body=1" for 192.168.0.12 at 2013-12-09 21:57:43 -0500


Started GET "/contacts" for 192.168.0.12 at 2013-12-09 21:57:44 -0500
Processing by ContactsController#index as HTML
  [1m[35mContact Load (0.2ms)[0m  SELECT "contacts".* FROM "contacts"
  Rendered contacts/index.mobile.erb within layouts/application (2.6ms)
Completed 200 OK in 8ms (Views: 7.2ms | ActiveRecord: 0.2ms)


Started GET "/contacts/1" for 192.168.0.12 at 2013-12-09 21:57:47 -0500
Processing by ContactsController#show as HTML
  Parameters: {"id"=>"1"}
  [1m[36mContact Load (0.1ms)[0m  [1mSELECT "contacts".* FROM "contacts" WHERE "contacts"."id" = ? LIMIT 1[0m  [["id", "1"]]
  Rendered contacts/show.mobile.erb within layouts/application (0.4ms)
Completed 200 OK in 6ms (Views: 4.6ms | ActiveRecord: 0.1ms)


Started GET "/contacts" for 192.168.0.12 at 2013-12-09 21:57:49 -0500
Processing by ContactsController#index as HTML
  [1m[35mContact Load (0.2ms)[0m  SELECT "contacts".* FROM "contacts"
  Rendered contacts/index.mobile.erb within layouts/application (1.8ms)
Completed 200 OK in 6ms (Views: 5.6ms | ActiveRecord: 0.2ms)


Started GET "/contacts/new" for 192.168.0.12 at 2013-12-09 21:57:51 -0500
Processing by ContactsController#new as HTML
  Rendered contacts/new.mobile.erb within layouts/application (0.0ms)
Completed 200 OK in 5ms (Views: 4.1ms | ActiveRecord: 0.0ms)


Started GET "/contacts/new" for 192.168.0.12 at 2013-12-09 22:00:13 -0500
Processing by ContactsController#new as HTML
  Rendered contacts/new.mobile.erb within layouts/application (0.0ms)
Completed 200 OK in 7ms (Views: 5.6ms | ActiveRecord: 0.0ms)


Started GET "/assets/application.css?body=1" for 192.168.0.12 at 2013-12-09 22:00:13 -0500


Started GET "/assets/scaffolds.css?body=1" for 192.168.0.12 at 2013-12-09 22:00:13 -0500


Started GET "/assets/contacts.css?body=1" for 192.168.0.12 at 2013-12-09 22:00:13 -0500


Started GET "/assets/jquery.js?body=1" for 192.168.0.12 at 2013-12-09 22:00:13 -0500


Started GET "/assets/turbolinks.js?body=1" for 192.168.0.12 at 2013-12-09 22:00:13 -0500


Started GET "/assets/contacts.js?body=1" for 192.168.0.12 at 2013-12-09 22:00:13 -0500


Started GET "/assets/jquery_ujs.js?body=1" for 192.168.0.12 at 2013-12-09 22:00:13 -0500


Started GET "/assets/application.js?body=1" for 192.168.0.12 at 2013-12-09 22:00:13 -0500


Started GET "/contacts" for 192.168.0.12 at 2013-12-09 22:00:15 -0500
Processing by ContactsController#index as HTML
  [1m[36mContact Load (0.1ms)[0m  [1mSELECT "contacts".* FROM "contacts"[0m
  Rendered contacts/index.mobile.erb within layouts/application (2.0ms)
Completed 200 OK in 7ms (Views: 6.1ms | ActiveRecord: 0.1ms)


Started GET "/contacts/new" for 192.168.0.12 at 2013-12-09 22:00:18 -0500
Processing by ContactsController#new as HTML
  Rendered contacts/new.mobile.erb within layouts/application (0.0ms)
Completed 200 OK in 6ms (Views: 4.8ms | ActiveRecord: 0.0ms)


Started GET "/" for 192.168.0.12 at 2013-12-09 22:01:05 -0500
Processing by Rails::WelcomeController#index as HTML
  Rendered /Users/alghareebm/.rvm/gems/ruby-2.0.0-p247/gems/railties-4.0.0/lib/rails/templates/rails/welcome/index.html.erb (0.1ms)
Completed 200 OK in 3ms (Views: 2.1ms | ActiveRecord: 0.0ms)


Started GET "/contacts" for 192.168.0.12 at 2013-12-09 22:01:22 -0500
Processing by ContactsController#index as HTML
  [1m[35mContact Load (0.2ms)[0m  SELECT "contacts".* FROM "contacts"
  Rendered contacts/index.mobile.erb within layouts/application (2.1ms)
Completed 200 OK in 8ms (Views: 6.6ms | ActiveRecord: 0.2ms)


Started GET "/assets/application.css?body=1" for 192.168.0.12 at 2013-12-09 22:01:22 -0500


Started GET "/assets/contacts.css?body=1" for 192.168.0.12 at 2013-12-09 22:01:22 -0500


Started GET "/assets/scaffolds.css?body=1" for 192.168.0.12 at 2013-12-09 22:01:22 -0500


Started GET "/assets/jquery.js?body=1" for 192.168.0.12 at 2013-12-09 22:01:22 -0500


Started GET "/assets/jquery_ujs.js?body=1" for 192.168.0.12 at 2013-12-09 22:01:22 -0500


Started GET "/assets/turbolinks.js?body=1" for 192.168.0.12 at 2013-12-09 22:01:22 -0500


Started GET "/assets/application.js?body=1" for 192.168.0.12 at 2013-12-09 22:01:22 -0500


Started GET "/assets/contacts.js?body=1" for 192.168.0.12 at 2013-12-09 22:01:22 -0500


Started GET "/contacts/new" for 192.168.0.12 at 2013-12-09 22:01:25 -0500
Processing by ContactsController#new as HTML
  Rendered contacts/new.mobile.erb within layouts/application (0.1ms)
Completed 200 OK in 6ms (Views: 4.7ms | ActiveRecord: 0.0ms)


Started GET "/assets/application.css?body=1" for 192.168.0.12 at 2013-12-09 22:01:25 -0500


Started GET "/assets/contacts.css?body=1" for 192.168.0.12 at 2013-12-09 22:01:25 -0500


Started GET "/assets/scaffolds.css?body=1" for 192.168.0.12 at 2013-12-09 22:01:25 -0500


Started GET "/assets/jquery.js?body=1" for 192.168.0.12 at 2013-12-09 22:01:25 -0500


Started GET "/assets/jquery_ujs.js?body=1" for 192.168.0.12 at 2013-12-09 22:01:25 -0500


Started GET "/assets/turbolinks.js?body=1" for 192.168.0.12 at 2013-12-09 22:01:25 -0500


Started GET "/assets/contacts.js?body=1" for 192.168.0.12 at 2013-12-09 22:01:25 -0500


Started GET "/assets/application.js?body=1" for 192.168.0.12 at 2013-12-09 22:01:25 -0500


Started GET "/contacts/new" for 192.168.0.12 at 2013-12-09 22:02:31 -0500
Processing by ContactsController#new as HTML
  Rendered contacts/_form.mobile.erb (3.0ms)
  Rendered contacts/new.mobile.erb within layouts/application (4.6ms)
Completed 200 OK in 10ms (Views: 9.4ms | ActiveRecord: 0.0ms)


Started GET "/assets/application.css?body=1" for 192.168.0.12 at 2013-12-09 22:02:31 -0500


Started GET "/assets/contacts.css?body=1" for 192.168.0.12 at 2013-12-09 22:02:31 -0500


Started GET "/assets/scaffolds.css?body=1" for 192.168.0.12 at 2013-12-09 22:02:31 -0500


Started GET "/assets/jquery.js?body=1" for 192.168.0.12 at 2013-12-09 22:02:31 -0500


Started GET "/assets/jquery_ujs.js?body=1" for 192.168.0.12 at 2013-12-09 22:02:31 -0500


Started GET "/assets/turbolinks.js?body=1" for 192.168.0.12 at 2013-12-09 22:02:31 -0500


Started GET "/assets/contacts.js?body=1" for 192.168.0.12 at 2013-12-09 22:02:31 -0500


Started GET "/assets/application.js?body=1" for 192.168.0.12 at 2013-12-09 22:02:31 -0500


Started GET "/contacts/new" for 192.168.0.12 at 2013-12-09 22:03:18 -0500
Processing by ContactsController#new as HTML
  Rendered contacts/_form.mobile.erb (2.4ms)
  Rendered contacts/new.mobile.erb within layouts/application (3.6ms)
Completed 200 OK in 9ms (Views: 8.0ms | ActiveRecord: 0.0ms)


Started GET "/assets/application.css?body=1" for 192.168.0.12 at 2013-12-09 22:03:18 -0500


Started GET "/assets/contacts.css?body=1" for 192.168.0.12 at 2013-12-09 22:03:18 -0500


Started GET "/assets/scaffolds.css?body=1" for 192.168.0.12 at 2013-12-09 22:03:18 -0500


Started GET "/assets/jquery.js?body=1" for 192.168.0.12 at 2013-12-09 22:03:18 -0500


Started GET "/assets/jquery_ujs.js?body=1" for 192.168.0.12 at 2013-12-09 22:03:18 -0500


Started GET "/assets/turbolinks.js?body=1" for 192.168.0.12 at 2013-12-09 22:03:18 -0500


Started GET "/assets/contacts.js?body=1" for 192.168.0.12 at 2013-12-09 22:03:18 -0500


Started GET "/assets/application.js?body=1" for 192.168.0.12 at 2013-12-09 22:03:18 -0500


Started GET "/contacts/2" for 192.168.0.12 at 2013-12-09 22:03:30 -0500
Processing by ContactsController#show as HTML
  Parameters: {"id"=>"2"}
  [1m[36mContact Load (0.2ms)[0m  [1mSELECT "contacts".* FROM "contacts" WHERE "contacts"."id" = ? LIMIT 1[0m  [["id", "2"]]
  Rendered contacts/show.mobile.erb within layouts/application (0.4ms)
Completed 200 OK in 7ms (Views: 5.1ms | ActiveRecord: 0.2ms)


Started GET "/assets/application.css?body=1" for 192.168.0.12 at 2013-12-09 22:03:30 -0500


Started GET "/assets/contacts.css?body=1" for 192.168.0.12 at 2013-12-09 22:03:30 -0500


Started GET "/assets/scaffolds.css?body=1" for 192.168.0.12 at 2013-12-09 22:03:30 -0500


Started GET "/assets/jquery.js?body=1" for 192.168.0.12 at 2013-12-09 22:03:30 -0500


Started GET "/assets/jquery_ujs.js?body=1" for 192.168.0.12 at 2013-12-09 22:03:30 -0500


Started GET "/assets/turbolinks.js?body=1" for 192.168.0.12 at 2013-12-09 22:03:30 -0500


Started GET "/assets/contacts.js?body=1" for 192.168.0.12 at 2013-12-09 22:03:30 -0500


Started GET "/assets/application.js?body=1" for 192.168.0.12 at 2013-12-09 22:03:30 -0500


Started GET "/contacts" for 192.168.0.12 at 2013-12-09 22:03:32 -0500
Processing by ContactsController#index as HTML
  [1m[35mContact Load (0.2ms)[0m  SELECT "contacts".* FROM "contacts"
  Rendered contacts/index.mobile.erb within layouts/application (2.1ms)
Completed 200 OK in 8ms (Views: 6.6ms | ActiveRecord: 0.2ms)


Started GET "/assets/application.css?body=1" for 192.168.0.12 at 2013-12-09 22:03:32 -0500


Started GET "/assets/contacts.css?body=1" for 192.168.0.12 at 2013-12-09 22:03:32 -0500


Started GET "/assets/scaffolds.css?body=1" for 192.168.0.12 at 2013-12-09 22:03:32 -0500


Started GET "/assets/jquery.js?body=1" for 192.168.0.12 at 2013-12-09 22:03:32 -0500


Started GET "/assets/turbolinks.js?body=1" for 192.168.0.12 at 2013-12-09 22:03:32 -0500


Started GET "/assets/jquery_ujs.js?body=1" for 192.168.0.12 at 2013-12-09 22:03:32 -0500


Started GET "/assets/contacts.js?body=1" for 192.168.0.12 at 2013-12-09 22:03:32 -0500


Started GET "/assets/application.js?body=1" for 192.168.0.12 at 2013-12-09 22:03:32 -0500


Started GET "/contacts/1" for 192.168.0.12 at 2013-12-09 22:03:34 -0500
Processing by ContactsController#show as HTML
  Parameters: {"id"=>"1"}
  [1m[36mContact Load (0.1ms)[0m  [1mSELECT "contacts".* FROM "contacts" WHERE "contacts"."id" = ? LIMIT 1[0m  [["id", "1"]]
  Rendered contacts/show.mobile.erb within layouts/application (0.3ms)
Completed 200 OK in 6ms (Views: 4.4ms | ActiveRecord: 0.1ms)


Started GET "/assets/application.css?body=1" for 192.168.0.12 at 2013-12-09 22:03:34 -0500


Started GET "/assets/contacts.css?body=1" for 192.168.0.12 at 2013-12-09 22:03:34 -0500


Started GET "/assets/scaffolds.css?body=1" for 192.168.0.12 at 2013-12-09 22:03:34 -0500


Started GET "/assets/jquery.js?body=1" for 192.168.0.12 at 2013-12-09 22:03:34 -0500


Started GET "/assets/jquery_ujs.js?body=1" for 192.168.0.12 at 2013-12-09 22:03:34 -0500


Started GET "/assets/turbolinks.js?body=1" for 192.168.0.12 at 2013-12-09 22:03:34 -0500


Started GET "/assets/contacts.js?body=1" for 192.168.0.12 at 2013-12-09 22:03:34 -0500


Started GET "/assets/application.js?body=1" for 192.168.0.12 at 2013-12-09 22:03:34 -0500


Started GET "/contacts/1/edit" for 192.168.0.12 at 2013-12-09 22:03:36 -0500
Processing by ContactsController#edit as HTML
  Parameters: {"id"=>"1"}
  [1m[35mContact Load (0.1ms)[0m  SELECT "contacts".* FROM "contacts" WHERE "contacts"."id" = ? LIMIT 1  [["id", "1"]]
  Rendered contacts/_form.mobile.erb (2.5ms)
  Rendered contacts/edit.mobile.erb within layouts/application (3.9ms)
Completed 200 OK in 10ms (Views: 8.1ms | ActiveRecord: 0.1ms)


Started GET "/assets/application.css?body=1" for 192.168.0.12 at 2013-12-09 22:03:36 -0500


Started GET "/assets/contacts.css?body=1" for 192.168.0.12 at 2013-12-09 22:03:36 -0500


Started GET "/assets/scaffolds.css?body=1" for 192.168.0.12 at 2013-12-09 22:03:36 -0500


Started GET "/assets/jquery.js?body=1" for 192.168.0.12 at 2013-12-09 22:03:36 -0500


Started GET "/assets/jquery_ujs.js?body=1" for 192.168.0.12 at 2013-12-09 22:03:36 -0500


Started GET "/assets/turbolinks.js?body=1" for 192.168.0.12 at 2013-12-09 22:03:36 -0500


Started GET "/assets/contacts.js?body=1" for 192.168.0.12 at 2013-12-09 22:03:36 -0500


Started GET "/assets/application.js?body=1" for 192.168.0.12 at 2013-12-09 22:03:36 -0500


Started GET "/contacts" for 192.168.0.12 at 2013-12-09 22:03:38 -0500
Processing by ContactsController#index as HTML
  [1m[36mContact Load (0.2ms)[0m  [1mSELECT "contacts".* FROM "contacts"[0m
  Rendered contacts/index.mobile.erb within layouts/application (2.5ms)
Completed 200 OK in 9ms (Views: 8.2ms | ActiveRecord: 0.2ms)


Started GET "/assets/application.css?body=1" for 192.168.0.12 at 2013-12-09 22:03:38 -0500


Started GET "/assets/contacts.css?body=1" for 192.168.0.12 at 2013-12-09 22:03:38 -0500


Started GET "/assets/scaffolds.css?body=1" for 192.168.0.12 at 2013-12-09 22:03:38 -0500


Started GET "/assets/jquery.js?body=1" for 192.168.0.12 at 2013-12-09 22:03:38 -0500


Started GET "/assets/jquery_ujs.js?body=1" for 192.168.0.12 at 2013-12-09 22:03:39 -0500


Started GET "/assets/turbolinks.js?body=1" for 192.168.0.12 at 2013-12-09 22:03:39 -0500


Started GET "/assets/contacts.js?body=1" for 192.168.0.12 at 2013-12-09 22:03:39 -0500


Started GET "/assets/application.js?body=1" for 192.168.0.12 at 2013-12-09 22:03:39 -0500


Started GET "/contacts/3" for 192.168.0.12 at 2013-12-09 22:04:37 -0500
Processing by ContactsController#show as HTML
  Parameters: {"id"=>"3"}
  [1m[35mContact Load (0.1ms)[0m  SELECT "contacts".* FROM "contacts" WHERE "contacts"."id" = ? LIMIT 1  [["id", "3"]]
  Rendered contacts/show.mobile.erb within layouts/application (0.5ms)
Completed 200 OK in 6ms (Views: 4.7ms | ActiveRecord: 0.1ms)


Started GET "/assets/application.css?body=1" for 192.168.0.12 at 2013-12-09 22:04:37 -0500


Started GET "/assets/contacts.css?body=1" for 192.168.0.12 at 2013-12-09 22:04:37 -0500


Started GET "/assets/scaffolds.css?body=1" for 192.168.0.12 at 2013-12-09 22:04:37 -0500


Started GET "/assets/jquery.js?body=1" for 192.168.0.12 at 2013-12-09 22:04:37 -0500


Started GET "/assets/jquery_ujs.js?body=1" for 192.168.0.12 at 2013-12-09 22:04:37 -0500


Started GET "/assets/turbolinks.js?body=1" for 192.168.0.12 at 2013-12-09 22:04:37 -0500


Started GET "/assets/contacts.js?body=1" for 192.168.0.12 at 2013-12-09 22:04:37 -0500


Started GET "/assets/application.js?body=1" for 192.168.0.12 at 2013-12-09 22:04:37 -0500


Started DELETE "/contacts/3" for 192.168.0.12 at 2013-12-09 22:04:50 -0500
Processing by ContactsController#destroy as HTML
  Parameters: {"authenticity_token"=>"6MiiO9wDjqnuWIVelTnntdl/E3A9OoX9CRVeRvxPd5c=", "id"=>"3"}
  [1m[36mContact Load (0.1ms)[0m  [1mSELECT "contacts".* FROM "contacts" WHERE "contacts"."id" = ? LIMIT 1[0m  [["id", "3"]]
  [1m[35m (0.1ms)[0m  begin transaction
  [1m[36mSQL (0.3ms)[0m  [1mDELETE FROM "contacts" WHERE "contacts"."id" = ?[0m  [["id", 3]]
  [1m[35m (3.0ms)[0m  commit transaction
Completed 500 Internal Server Error in 8ms

ActionView::MissingTemplate (Missing template contacts/destroy, application/destroy with {:locale=>[:en], :formats=>[:mobile], :handlers=>[:erb, :builder, :raw, :ruby, :jbuilder, :coffee]}. Searched in:
  * "/Users/alghareebm/RubymineProjects/MobileRailsApp/app/views"
  * "/Users/alghareebm/RubymineProjects/MobileRailsApp/app/views"
):
  app/controllers/contacts_controller.rb:58:in `destroy'


  Rendered /Users/alghareebm/.rvm/gems/ruby-2.0.0-p247/gems/actionpack-4.0.0/lib/action_dispatch/middleware/templates/rescues/missing_template.erb within rescues/layout (0.4ms)


Started GET "/contacts" for 192.168.0.12 at 2013-12-09 22:04:56 -0500
Processing by ContactsController#index as HTML
  [1m[36mContact Load (0.2ms)[0m  [1mSELECT "contacts".* FROM "contacts"[0m
  Rendered contacts/index.mobile.erb within layouts/application (3.2ms)
Completed 200 OK in 12ms (Views: 10.7ms | ActiveRecord: 0.2ms)


Started GET "/assets/application.css?body=1" for 192.168.0.12 at 2013-12-09 22:04:56 -0500


Started GET "/assets/contacts.css?body=1" for 192.168.0.12 at 2013-12-09 22:04:56 -0500


Started GET "/assets/scaffolds.css?body=1" for 192.168.0.12 at 2013-12-09 22:04:56 -0500


Started GET "/assets/jquery.js?body=1" for 192.168.0.12 at 2013-12-09 22:04:56 -0500


Started GET "/assets/jquery_ujs.js?body=1" for 192.168.0.12 at 2013-12-09 22:04:56 -0500


Started GET "/assets/turbolinks.js?body=1" for 192.168.0.12 at 2013-12-09 22:04:56 -0500


Started GET "/assets/application.js?body=1" for 192.168.0.12 at 2013-12-09 22:04:56 -0500


Started GET "/assets/contacts.js?body=1" for 192.168.0.12 at 2013-12-09 22:04:56 -0500
